#
# A fatal error has been detected by the Java Runtime Environment:
#
#  EXCEPTION_ACCESS_VIOLATION (0xc0000005) at pc=0x0000018c43a5254f, pid=11496, tid=20816
#
# JRE version: Java(TM) SE Runtime Environment (24.0.2+12) (build 24.0.2+12-54)
# Java VM: Java HotSpot(TM) 64-Bit Server VM (24.0.2+12-54, mixed mode, emulated-client, sharing, tiered, compressed oops, compressed class ptrs, g1 gc, windows-amd64)
# Problematic frame:
# v  ~MethodHandlesAdapterBlob 0x0000018c43a5254f
#
# No core dump will be written. Minidumps are not enabled by default on client versions of Windows
#
# If you would like to submit a bug report, please visit:
#   https://bugreport.java.com/bugreport/crash.jsp
#

---------------  S U M M A R Y ------------

Command Line: -XX:+ShowCodeDetailsInExceptionMessages -agentlib:jdwp=transport=dt_socket,suspend=y,address=localhost:7892 -Dcom.sun.management.jmxremote -Dcom.sun.management.jmxremote.port=34869 -Dcom.sun.management.jmxremote.authenticate=false -Dcom.sun.management.jmxremote.ssl=false -Djava.rmi.server.hostname=localhost -Dspring.jmx.enabled=true -Dmanagement.endpoints.jmx.exposure.include=* -Dspring.application.admin.enabled=true -Dspring.output.ansi.enabled=always -XX:TieredStopAtLevel=1 -Dspring.boot.project.name=Mart2 -javaagent:C:\Spring Tool Suite\sts-4.31.0.RELEASE\configuration\org.eclipse.osgi\273\0\.cp\lib\javaagent-shaded.jar -Dfile.encoding=UTF-8 -Dstdout.encoding=UTF-8 -Dstderr.encoding=UTF-8 com.example.Mart2.Mart2Application

Host: Intel(R) Core(TM) i5-10210U CPU @ 1.60GHz, 8 cores, 7G,  Windows 11 , 64 bit Build 22621 (10.0.22621.5415)
Time: Fri Sep 26 18:20:29 2025 India Standard Time elapsed time: 256311.595320 seconds (2d 23h 11m 51s)

---------------  T H R E A D  ---------------

Current thread (0x0000018c9304df30):  JavaThread "restartedMain"        [_thread_in_Java, id=20816, stack(0x0000005496d00000,0x0000005496e00000) (1024K)]

Stack: [0x0000005496d00000,0x0000005496e00000],  sp=0x0000005496dfd4e8,  free space=1013k
Native frames: (J=compiled Java code, j=interpreted, Vv=VM code, C=native code)
C  0x0000018c43a5254f  (no source info available)

The last pc belongs to _linkToSpecial (printed below).

siginfo: EXCEPTION_ACCESS_VIOLATION (0xc0000005), reading address 0xfffffffffffffff7


Registers:
RAX=0x0000018c43a29026, RBX=0x000000008a91c4a8, RCX=0xfffffffffffffff7, RDX=0x0000000000000002
RSP=0x0000005496dfd4e8, RBP=0x0000005496dfd538, RSI=0x0000018c91887e28, RDI=0x0000018c9380df70
R8 =0x0000000000000004, R9 =0x0000000000000004, R10=0x00007ff80ca84880, R11=0x0000018c4c1f9ab0
R12=0x0000000000000000, R13=0x0000005496dfd4e8, R14=0x0000005496dfd558, R15=0x0000018c9304df30
RIP=0x0000018c43a5254f, EFLAGS=0x0000000000010202

XMM[0]=0x0000000000000000 0x0000000000000000
XMM[1]=0x0000000000000000 0x0000000000000000
XMM[2]=0x0000000000000000 0x0000000000000000
XMM[3]=0x0000000000000000 0x0000000000000000
XMM[4]=0x0000000000000000 0x0000000000000000
XMM[5]=0x0000000000000000 0x0000000000000000
XMM[6]=0x0000000000000000 0x0000000000000000
XMM[7]=0x0000000000000000 0x0000000000000000
XMM[8]=0x0000000000000000 0x0000000000000000
XMM[9]=0x0000000000000000 0x0000000000000000
XMM[10]=0x0000000000000000 0x0000000000000000
XMM[11]=0x0000000000000000 0x0000000000000000
XMM[12]=0x0000000000000000 0x0000000000000000
XMM[13]=0x0000000000000000 0x0000000000000000
XMM[14]=0x0000000000000000 0x0000000000000000
XMM[15]=0x0000000000000000 0x0000000000000000
  MXCSR=0x00001fa0


Register to memory mapping:

RAX=0x0000018c43a29026 is at code_begin+3174 in an Interpreter codelet
return entry points  [0x0000018c43a283c0, 0x0000018c43a2a2c8]  7944 bytes
RBX=0x000000008a91c4a8 is an oop: com.product.Controller.UserCotroller 
{0x000000008a91c4a8} - klass: 'com/product/Controller/UserCotroller' - flags: 

 - ---- fields (total size 2 words):
RCX=0xfffffffffffffff7 is an unknown value
RDX=0x0000000000000002 is an unknown value
RSP=0x0000005496dfd4e8 is pointing into the stack for thread: 0x0000018c9304df30
RBP=0x0000005496dfd538 is pointing into the stack for thread: 0x0000018c9304df30
RSI=0x0000018c91887e28 points into unknown readable memory: 0x800015017b0e7458 | 58 74 0e 7b 01 15 00 80
RDI=0x0000018c9380df70 points into unknown readable memory: 0x0000001800000070 | 70 00 00 00 18 00 00 00
R8 =0x0000000000000004 is an unknown value
R9 =0x0000000000000004 is an unknown value
R10=0x00007ff80ca84880 jvm.dll
R11={method} {0x0000018c4c1f9ab8} 'newInvokeSpecial' '(Ljava/lang/Object;)Ljava/lang/Object;' in 'java/lang/invoke/DirectMethodHandle$Holder'
R12=0x0 is null
R13=0x0000005496dfd4e8 is pointing into the stack for thread: 0x0000018c9304df30
R14=0x0000005496dfd558 is pointing into the stack for thread: 0x0000018c9304df30
R15=0x0000018c9304df30 is a thread

Top of Stack: (sp=0x0000005496dfd4e8)
0x0000005496dfd4e8:   0000018c43a29026 fffffffffffffff7   &..C............
0x0000005496dfd4f8:   0000018c4c7f694f 0000000000000004   Oi.L............
0x0000005496dfd508:   0000018c4c1f69f8 0000000000000000   .i.L............
0x0000005496dfd518:   0000000084678f40 0000018c4c1f9ab0   @.g........L....
0x0000005496dfd528:   fffffffffffffff6 0000005496dfd560   ........`...T...
0x0000005496dfd538:   0000005496dfe900 0000018c43d7fd2b   ....T...+..C....
0x0000005496dfd548:   000000008a91c400 000000008a91c4a8   ................
0x0000005496dfd558:   000000008a91c460 0000005496dfe900   `...........T...
0x0000005496dfd568:   0000018c43d7d5b4 0000000000000000   ...C............
0x0000005496dfd578:   0000000000000000 0000005496dfe900   ............T...
0x0000005496dfd588:   0000018c44233edc 0000000000000000   .>#D............
0x0000005496dfd598:   0000000000000000 0000000000000000   ................
0x0000005496dfd5a8:   0000000000000000 0000000000000000   ................
0x0000005496dfd5b8:   0000000000000000 0000000000000000   ................
0x0000005496dfd5c8:   0000000000000000 0000000000000000   ................
0x0000005496dfd5d8:   0000000000000000 0000000082e6b9d0   ................
0x0000005496dfd5e8:   00000000853c0e78 000000008a91c0a8   x.<.............
0x0000005496dfd5f8:   000000008a91c0a8 00000000853c0e78   ........x.<.....
0x0000005496dfd608:   0000000000000000 000000008a91c490   ................
0x0000005496dfd618:   000000008a91c238 0000005496dfe900   8...........T...
0x0000005496dfd628:   0000018c4423391c 0000000000000000   .9#D............
0x0000005496dfd638:   0000000000000000 0000005496dfe900   ............T...
0x0000005496dfd648:   0000018c43d7c6dc 000000008a91c460   ...C....`.......
0x0000005496dfd658:   0000000000000000 0000000000000000   ................
0x0000005496dfd668:   0000000000000000 0000018c9304df30   ........0.......
0x0000005496dfd678:   0000000000000000 000000008a91c1e0   ................
0x0000005496dfd688:   0000000000000000 000000008a91c0a8   ................
0x0000005496dfd698:   000000008a91c490 000000008a91c1e0   ................
0x0000005496dfd6a8:   0000000000000000 00000000853c0e00   ..........<.....
0x0000005496dfd6b8:   0000018c43d7f42c 0000005496dfe900   ,..C........T...
0x0000005496dfd6c8:   0000018c43d7d14a 0000000000000000   J..C............
0x0000005496dfd6d8:   0000018c43d29c7f 0000005496dfe900   ...C........T...

Instructions: (pc=0x0000018c43a5254f)
  0x0000018c43a5244f:   90 66 66 66 0f 1f 84 00 00 00 00 00 66 66 66 90
  0x0000018c43a5245f:   90 48 8b 53 08 0f b7 52 2e 48 8b 0c d4 8b 59 14
  0x0000018c43a5246f:   8b 5b 28 8b 5b 24 48 8b 5b 10 48 85 db 0f 84 10
  0x0000018c43a5247f:   00 00 00 41 80 bf 00 06 00 00 00 74 03 ff 63 38
  0x0000018c43a5248f:   ff 63 50 e9 c9 ce 01 00 66 0f 1f 84 00 00 00 00
  0x0000018c43a5249f:   00 48 8b 53 08 0f b7 52 2e 48 8b 0c d4 58 5b 50
  0x0000018c43a524af:   44 8b 51 08 49 bb 00 00 00 4c 8c 01 00 00 4d 03
  0x0000018c43a524bf:   d3 4c 8b 5b 10 4b 8b 9c da e0 01 00 00 48 85 db
  0x0000018c43a524cf:   0f 84 10 00 00 00 41 80 bf 00 06 00 00 00 74 03
  0x0000018c43a524df:   ff 63 38 ff 63 50 e9 76 ce 01 00 66 66 66 0f 1f
  0x0000018c43a524ef:   84 00 00 00 00 00 66 66 66 90 0f 1f 80 00 00 00
  0x0000018c43a524ff:   00 58 5b 50 8b 5b 24 48 8b 5b 10 48 85 db 0f 84
  0x0000018c43a5250f:   10 00 00 00 41 80 bf 00 06 00 00 00 74 03 ff 63
  0x0000018c43a5251f:   38 ff 63 50 e9 38 ce 01 00 66 66 66 0f 1f 84 00
  0x0000018c43a5252f:   00 00 00 00 66 66 66 90 66 0f 1f 84 00 00 00 00
  0x0000018c43a5253f:   00 48 8b 53 08 0f b7 52 2e 48 8b 0c d4 58 5b 50
=>0x0000018c43a5254f:   48 3b 01 8b 5b 24 48 8b 5b 10 48 85 db 0f 84 10
  0x0000018c43a5255f:   00 00 00 41 80 bf 00 06 00 00 00 74 03 ff 63 38
  0x0000018c43a5256f:   ff 63 50 e9 e9 cd 01 00 66 0f 1f 84 00 00 00 00
  0x0000018c43a5257f:   00 48 8b 53 08 0f b7 52 2e 48 8b 0c d4 58 5b 50
  0x0000018c43a5258f:   44 8b 51 08 49 bb 00 00 00 4c 8c 01 00 00 4d 03
  0x0000018c43a5259f:   d3 8b 43 18 48 8b 40 10 48 8b 5b 10 45 8b 9a b8
  0x0000018c43a525af:   00 00 00 4f 8d 9c da e0 01 00 00 4d 8d 14 da 49
  0x0000018c43a525bf:   8b 1b 48 3b c3 74 15 48 85 db 0f 84 32 00 00 00
  0x0000018c43a525cf:   49 83 c3 10 49 8b 1b 48 3b c3 75 eb 45 8b 5b 08
  0x0000018c43a525df:   4b 8b 1c 1a 48 85 db 0f 84 10 00 00 00 41 80 bf
  0x0000018c43a525ef:   00 06 00 00 00 74 03 ff 63 38 ff 63 50 e9 5f cd
  0x0000018c43a525ff:   01 00 e9 5a d0 01 00 f4 00 00 00 00 00 00 00 00
  0x0000018c43a5260f:   00 00 00 00 00 00 00 00 00 00 00 00 00 00 00 00
  0x0000018c43a5261f:   00 00 00 00 00 00 00 00 00 00 00 00 00 00 00 00
  0x0000018c43a5262f:   00 00 00 00 00 00 00 00 00 00 00 00 00 00 00 00
  0x0000018c43a5263f:   00 00 00 00 00 00 00 00 00 00 00 00 00 00 00 00


Stack slot to memory mapping:

stack at sp + 0 slots: 0x0000018c43a29026 is at code_begin+3174 in an Interpreter codelet
return entry points  [0x0000018c43a283c0, 0x0000018c43a2a2c8]  7944 bytes
stack at sp + 1 slots: 0xfffffffffffffff7 is an unknown value
stack at sp + 2 slots: 0x0000018c4c7f694f is pointing into metadata
stack at sp + 3 slots: 0x0000000000000004 is an unknown value
stack at sp + 4 slots: 0x0000018c4c1f69f8 is pointing into metadata
stack at sp + 5 slots: 0x0 is null
stack at sp + 6 slots: 0x0000000084678f40 is an oop: java.lang.Class 
{0x0000000084678f40} - klass: 'java/lang/Class' - flags: 

 - ---- fields (total size 14 words):
 - private volatile transient 'classRedefinedCount' 'I' @12  0 (0x00000000)
 - injected 'klass' 'J' @16  1702084175840 (0x0000018c4c1f67e0)
 - injected 'array_klass' 'J' @24  0 (0x0000000000000000)
 - injected 'oop_size' 'I' @32  14 (0x0000000e)
 - injected 'static_oop_field_count' 'I' @36  0 (0x00000000)
 - private volatile transient 'cachedConstructor' 'Ljava/lang/reflect/Constructor;' @40  null (0x00000000)
 - private transient 'name' 'Ljava/lang/String;' @44  null (0x00000000)
 - private transient 'module' 'Ljava/lang/Module;' @48  a 'java/lang/Module'{0x0000000082e29af8} (0x82e29af8)
 - private final 'classLoader' 'Ljava/lang/ClassLoader;' @52  null (0x00000000)
 - private transient 'classData' 'Ljava/lang/Object;' @56  null (0x00000000)
 - private transient 'signers' '[Ljava/lang/Object;' @60  null (0x00000000)
 - private transient 'packageName' 'Ljava/lang/String;' @64  null (0x00000000)
 - private final 'componentType' 'Ljava/lang/Class;' @68  null (0x00000000)
 - private volatile transient 'reflectionData' 'Ljava/lang/ref/SoftReference;' @72  null (0x00000000)
 - private volatile transient 'genericInfo' 'Lsun/reflect/generics/repository/ClassRepository;' @76  null (0x00000000)
 - private volatile transient 'enumConstants' '[Ljava/lang/Object;' @80  null (0x00000000)
 - private volatile transient 'enumConstantDirectory' 'Ljava/util/Map;' @84  null (0x00000000)
 - private volatile transient 'annotationData' 'Ljava/lang/Class$AnnotationData;' @88  null (0x00000000)
 - private volatile transient 'annotationType' 'Lsun/reflect/annotation/AnnotationType;' @92  null (0x00000000)
 - transient 'classValueMap' 'Ljava/lang/ClassValue$ClassValueMap;' @96  null (0x00000000)
 - injected 'protection_domain' 'Ljava/lang/Object;' @100  null (0x00000000)
 - injected 'source_file' 'Ljava/lang/Object;' @104  null (0x00000000)
 - injected '<init_lock>' 'Ljava/lang/Object;' @108  null (0x00000000)
 - signature: Ljava/lang/invoke/DirectMethodHandle$Holder;
 - ---- static fields (0):
stack at sp + 7 slots: {method} {0x0000018c4c1f9ab8} 'newInvokeSpecial' '(Ljava/lang/Object;)Ljava/lang/Object;' in 'java/lang/invoke/DirectMethodHandle$Holder'

Lock stack of current Java thread (top to bottom):

MethodHandle::interpreter_entry::_linkToSpecial [0x0000018c43a52528, 0x0000018c43a52577] (79 bytes)
[MachCode]
  0x0000018c43a52528: 6666 660f | 1f84 0000 | 0000 0066 | 6666 9066 | 0f1f 8400 | 0000 0000 | 488b 5308 | 0fb7 522e 
  0x0000018c43a52548: 488b 0cd4 | 585b 5048 | 3b01 8b5b | 2448 8b5b | 1048 85db | 0f84 1000 | 0000 4180 | bf00 0600 
  0x0000018c43a52568: 0000 7403 | ff63 38ff | 6350 e9e9 | 
[/MachCode]

---------------  P R O C E S S  ---------------

Threads class SMR info:
_java_thread_list=0x0000018c94021340, length=29, elements={
0x0000018c4bec8000, 0x0000018c4bec8c00, 0x0000018c4bece370, 0x0000018c4beceea0,
0x0000018c4becfa70, 0x0000018c4bed18b0, 0x0000018c4bed68b0, 0x0000018c91129420,
0x0000018c9112a1a0, 0x0000018c9112cf20, 0x0000018c91138df0, 0x0000018c91833070,
0x0000018c91e4b630, 0x0000018c91e4cc40, 0x0000018c91ead8e0, 0x0000018c9203dca0,
0x0000018c9207df80, 0x0000018c9304d7e0, 0x0000018c9304baa0, 0x0000018c93a05af0,
0x0000018c93a053a0, 0x0000018c93051260, 0x0000018c9304c1f0, 0x0000018c92095920,
0x0000018c9304df30, 0x0000018c9304fc70, 0x0000018c9304edd0, 0x0000018c93050b10,
0x0000018c9304d090
}

Java Threads: ( => current thread )
  0x0000018c4bec8000 JavaThread "Reference Handler"          daemon [_thread_blocked, id=14172, stack(0x0000005496600000,0x0000005496700000) (1024K)]
  0x0000018c4bec8c00 JavaThread "Finalizer"                  daemon [_thread_blocked, id=320, stack(0x0000005496700000,0x0000005496800000) (1024K)]
  0x0000018c4bece370 JavaThread "Signal Dispatcher"          daemon [_thread_blocked, id=21820, stack(0x0000005496800000,0x0000005496900000) (1024K)]
  0x0000018c4beceea0 JavaThread "Attach Listener"            daemon [_thread_blocked, id=13964, stack(0x0000005496900000,0x0000005496a00000) (1024K)]
  0x0000018c4becfa70 JavaThread "Service Thread"             daemon [_thread_blocked, id=4900, stack(0x0000005496a00000,0x0000005496b00000) (1024K)]
  0x0000018c4bed18b0 JavaThread "Monitor Deflation Thread"   daemon [_thread_blocked, id=25612, stack(0x0000005496b00000,0x0000005496c00000) (1024K)]
  0x0000018c4bed68b0 JavaThread "C1 CompilerThread0"         daemon [_thread_blocked, id=25704, stack(0x0000005496c00000,0x0000005496d00000) (1024K)]
  0x0000018c91129420 JavaThread "JDWP Transport Listener: dt_socket" daemon [_thread_blocked, id=17764, stack(0x0000005496f00000,0x0000005497000000) (1024K)]
  0x0000018c9112a1a0 JavaThread "JDWP Event Helper Thread"   daemon [_thread_blocked, id=21832, stack(0x0000005497000000,0x0000005497100000) (1024K)]
  0x0000018c9112cf20 JavaThread "JDWP Command Reader"        daemon [_thread_in_native, id=17848, stack(0x0000005497100000,0x0000005497200000) (1024K)]
  0x0000018c91138df0 JavaThread "Common-Cleaner"             daemon [_thread_blocked, id=22848, stack(0x0000005497200000,0x0000005497300000) (1024K)]
  0x0000018c91833070 JavaThread "Notification Thread"        daemon [_thread_blocked, id=17708, stack(0x0000005497300000,0x0000005497400000) (1024K)]
  0x0000018c91e4b630 JavaThread "RMI TCP Accept-0"           daemon [_thread_in_native, id=10960, stack(0x0000005497400000,0x0000005497500000) (1024K)]
  0x0000018c91e4cc40 JavaThread "RMI TCP Accept-34869"       daemon [_thread_in_native, id=25868, stack(0x0000005497500000,0x0000005497600000) (1024K)]
  0x0000018c91ead8e0 JavaThread "RMI TCP Accept-0"           daemon [_thread_in_native, id=22248, stack(0x0000005497600000,0x0000005497700000) (1024K)]
  0x0000018c9203dca0 JavaThread "RMI Scheduler(0)"           daemon [_thread_blocked, id=12824, stack(0x0000005497f00000,0x0000005498000000) (1024K)]
  0x0000018c9207df80 JavaThread "RMI TCP Connection(idle)"   daemon [_thread_blocked, id=24072, stack(0x0000005498000000,0x0000005498100000) (1024K)]
  0x0000018c9304d7e0 JavaThread "mysql-cj-abandoned-connection-cleanup" daemon [_thread_blocked, id=17168, stack(0x0000005498900000,0x0000005498a00000) (1024K)]
  0x0000018c9304baa0 JavaThread "Live Reload Server"         daemon [_thread_in_native, id=11332, stack(0x0000005498f00000,0x0000005499000000) (1024K)]
  0x0000018c93a05af0 JavaThread "DestroyJavaVM"                     [_thread_blocked, id=17092, stack(0x0000005495e00000,0x0000005495f00000) (1024K)]
  0x0000018c93a053a0 JavaThread "JMX server connection timeout 149" daemon [_thread_blocked, id=22912, stack(0x0000005495d00000,0x0000005495e00000) (1024K)]
  0x0000018c93051260 JavaThread "File Watcher"               daemon [_thread_blocked, id=6532, stack(0x0000005495c00000,0x0000005495d00000) (1024K)]
  0x0000018c9304c1f0 JavaThread "File Watcher"               daemon [_thread_blocked, id=6416, stack(0x0000005496e00000,0x0000005496f00000) (1024K)]
  0x0000018c92095920 JavaThread "Thread-53"                         [_thread_blocked, id=1640, stack(0x0000005495b00000,0x0000005495c00000) (1024K)]
=>0x0000018c9304df30 JavaThread "restartedMain"                     [_thread_in_Java, id=20816, stack(0x0000005496d00000,0x0000005496e00000) (1024K)]
  0x0000018c9304fc70 JavaThread "Catalina-utility-1"                [_thread_blocked, id=21544, stack(0x0000005498100000,0x0000005498200000) (1024K)]
  0x0000018c9304edd0 JavaThread "Catalina-utility-2"                [_thread_blocked, id=21404, stack(0x0000005498200000,0x0000005498300000) (1024K)]
  0x0000018c93050b10 JavaThread "container-2"                       [_thread_blocked, id=23592, stack(0x0000005498300000,0x0000005498400000) (1024K)]
  0x0000018c9304d090 JavaThread "HikariPool-15:housekeeper"  daemon [_thread_blocked, id=25972, stack(0x0000005498400000,0x0000005498500000) (1024K)]
Total: 29

Other Threads:
  0x0000018c4beb2b10 VMThread "VM Thread"                           [id=25488, stack(0x0000005496500000,0x0000005496600000) (1024K)]
  0x0000018c4bea32a0 WatcherThread "VM Periodic Task Thread"        [id=25428, stack(0x0000005496400000,0x0000005496500000) (1024K)]
  0x0000018c3b1e1700 WorkerThread "GC Thread#0"                     [id=11756, stack(0x0000005495f00000,0x0000005496000000) (1024K)]
  0x0000018c9200ebc0 WorkerThread "GC Thread#1"                     [id=9012, stack(0x0000005497800000,0x0000005497900000) (1024K)]
  0x0000018c9200ef70 WorkerThread "GC Thread#2"                     [id=20356, stack(0x0000005497900000,0x0000005497a00000) (1024K)]
  0x0000018c920667b0 WorkerThread "GC Thread#3"                     [id=13644, stack(0x0000005497a00000,0x0000005497b00000) (1024K)]
  0x0000018c92066b60 WorkerThread "GC Thread#4"                     [id=15056, stack(0x0000005497b00000,0x0000005497c00000) (1024K)]
  0x0000018c9206af20 WorkerThread "GC Thread#5"                     [id=9796, stack(0x0000005497c00000,0x0000005497d00000) (1024K)]
  0x0000018c9206b2d0 WorkerThread "GC Thread#6"                     [id=5280, stack(0x0000005497d00000,0x0000005497e00000) (1024K)]
  0x0000018c9206b680 WorkerThread "GC Thread#7"                     [id=12668, stack(0x0000005497e00000,0x0000005497f00000) (1024K)]
  0x0000018c3b1f6070 ConcurrentGCThread "G1 Main Marker"            [id=17944, stack(0x0000005496000000,0x0000005496100000) (1024K)]
  0x0000018c3b1f74a0 WorkerThread "G1 Conc#0"                       [id=24816, stack(0x0000005496100000,0x0000005496200000) (1024K)]
  0x0000018c92a15590 WorkerThread "G1 Conc#1"                       [id=19160, stack(0x0000005498600000,0x0000005498700000) (1024K)]
  0x0000018c4bd62970 ConcurrentGCThread "G1 Refine#0"               [id=15172, stack(0x0000005496200000,0x0000005496300000) (1024K)]
  0x0000018c4bd631a0 ConcurrentGCThread "G1 Service"                [id=4228, stack(0x0000005496300000,0x0000005496400000) (1024K)]
Total: 15

Threads with active compile tasks:
Total: 0

VM state: not at safepoint (normal execution)

VM Mutex/Monitor currently owned by a thread: None

Heap address: 0x0000000082c00000, size: 2004 MB, Compressed Oops mode: 32-bit

CDS archive(s) mapped at: [0x0000018c4c000000-0x0000018c4cd40000-0x0000018c4cd40000), size 13893632, SharedBaseAddress: 0x0000018c4c000000, ArchiveRelocationMode: 1.
Compressed class space mapped at: 0x0000018c4d000000-0x0000018c8d000000, reserved size: 1073741824
UseCompressedClassPointers 1, UseCompactObjectHeaders 0
Narrow klass pointer bits 32, Max shift 3
Narrow klass base: 0x0000018c4c000000, Narrow klass shift: 0
Encoding Range: [0x0000018c4c000000 - 0x0000018d4c000000), (4294967296 bytes)
Klass Range:    [0x0000018c4c000000 - 0x0000018c8d000000), (1090519040 bytes)
Klass ID Range:  [8 - 1090519033) (1090519025)

GC Precious Log:
 CardTable entry size: 512
 Card Set container configuration: InlinePtr #cards 5 size 8 Array Of Cards #cards 10 size 36 Howl #buckets 4 coarsen threshold 1843 Howl Bitmap #cards 512 size 80 coarsen threshold 460 Card regions per heap region 1 cards per card region 2048
 CPUs: 8 total, 8 available
 Memory: 8014M
 Large Page Support: Disabled
 NUMA Support: Disabled
 Compressed Oops: Enabled (32-bit)
 Heap Region Size: 1M
 Heap Min Capacity: 8M
 Heap Initial Capacity: 126M
 Heap Max Capacity: 2004M
 Pre-touch: Disabled
 Parallel Workers: 8
 Concurrent Workers: 2
 Concurrent Refinement Workers: 8
 Periodic GC: Disabled

Heap:
 garbage-first heap   total reserved 2052096K, committed 84992K, used 35466K [0x0000000082c00000, 0x0000000100000000)
  region size 1024K, 10 young (10240K), 5 survivors (5120K)
 Metaspace       used 73906K, committed 74624K, reserved 1179648K
  class space    used 8205K, committed 8512K, reserved 1048576K

Heap Regions: E=young(eden), S=young(survivor), O=old, HS=humongous(starts), HC=humongous(continues), CS=collection set, F=free, TAMS=top-at-mark-start, PB=parsable bottom
|   0|0x0000000082c00000, 0x0000000082d00000, 0x0000000082d00000|100%|HS|  |TAMS 0x0000000082c00000| PB 0x0000000082c00000| Complete |  0
|   1|0x0000000082d00000, 0x0000000082e00000, 0x0000000082e00000|100%|HS|  |TAMS 0x0000000082d00000| PB 0x0000000082d00000| Complete |  0
|   2|0x0000000082e00000, 0x0000000082efffe8, 0x0000000082f00000| 99%| O|  |TAMS 0x0000000082e00000| PB 0x0000000082e00000| Untracked |  0
|   3|0x0000000082f00000, 0x0000000082fffff0, 0x0000000083000000| 99%| O|  |TAMS 0x0000000082f00000| PB 0x0000000082f00000| Untracked |  0
|   4|0x0000000083000000, 0x00000000830ffff8, 0x0000000083100000| 99%| O|  |TAMS 0x0000000083000000| PB 0x0000000083000000| Untracked |  0
|   5|0x0000000083100000, 0x0000000083200000, 0x0000000083200000|100%| O|  |TAMS 0x0000000083100000| PB 0x0000000083100000| Untracked |  0
|   6|0x0000000083200000, 0x0000000083300000, 0x0000000083300000|100%| O|  |TAMS 0x0000000083200000| PB 0x0000000083200000| Untracked |  0
|   7|0x0000000083300000, 0x00000000833ffff8, 0x0000000083400000| 99%| O|  |TAMS 0x0000000083300000| PB 0x0000000083300000| Untracked |  0
|   8|0x0000000083400000, 0x00000000834fff98, 0x0000000083500000| 99%| O|  |TAMS 0x0000000083400000| PB 0x0000000083400000| Untracked |  0
|   9|0x0000000083500000, 0x0000000083600000, 0x0000000083600000|100%| O|  |TAMS 0x0000000083500000| PB 0x0000000083500000| Untracked |  0
|  10|0x0000000083600000, 0x0000000083700000, 0x0000000083700000|100%| O|  |TAMS 0x0000000083600000| PB 0x0000000083600000| Untracked |  0
|  11|0x0000000083700000, 0x00000000837fffb8, 0x0000000083800000| 99%| O|  |TAMS 0x0000000083700000| PB 0x0000000083700000| Untracked |  0
|  12|0x0000000083800000, 0x00000000838fffb8, 0x0000000083900000| 99%| O|  |TAMS 0x0000000083800000| PB 0x0000000083800000| Untracked |  0
|  13|0x0000000083900000, 0x0000000083a00000, 0x0000000083a00000|100%| O|  |TAMS 0x0000000083900000| PB 0x0000000083900000| Untracked |  0
|  14|0x0000000083a00000, 0x0000000083affff0, 0x0000000083b00000| 99%| O|  |TAMS 0x0000000083a00000| PB 0x0000000083a00000| Untracked |  0
|  15|0x0000000083b00000, 0x0000000083bfffe0, 0x0000000083c00000| 99%| O|  |TAMS 0x0000000083b00000| PB 0x0000000083b00000| Untracked |  0
|  16|0x0000000083c00000, 0x0000000083cffff8, 0x0000000083d00000| 99%| O|  |TAMS 0x0000000083c00000| PB 0x0000000083c00000| Untracked |  0
|  17|0x0000000083d00000, 0x0000000083dfffe8, 0x0000000083e00000| 99%| O|  |TAMS 0x0000000083d00000| PB 0x0000000083d00000| Untracked |  0
|  18|0x0000000083e00000, 0x0000000083efffd8, 0x0000000083f00000| 99%| O|  |TAMS 0x0000000083e00000| PB 0x0000000083e00000| Untracked |  0
|  19|0x0000000083f00000, 0x0000000083ffffe8, 0x0000000084000000| 99%| O|  |TAMS 0x0000000083f00000| PB 0x0000000083f00000| Untracked |  0
|  20|0x0000000084000000, 0x00000000840ffff8, 0x0000000084100000| 99%| O|  |TAMS 0x0000000084000000| PB 0x0000000084000000| Untracked |  0
|  21|0x0000000084100000, 0x00000000841ffff8, 0x0000000084200000| 99%| O|  |TAMS 0x0000000084100000| PB 0x0000000084100000| Untracked |  0
|  22|0x0000000084200000, 0x00000000842f8918, 0x0000000084300000| 97%| O|  |TAMS 0x0000000084200000| PB 0x0000000084200000| Untracked |  0
|  23|0x0000000084300000, 0x0000000084400000, 0x0000000084400000|100%| O|  |TAMS 0x0000000084300000| PB 0x0000000084300000| Untracked |  0
|  24|0x0000000084400000, 0x000000008443b130, 0x0000000084500000| 23%| O|Cm|TAMS 0x0000000084400000| PB 0x0000000084400000| Complete |  0
|  25|0x0000000084500000, 0x00000000845deed8, 0x0000000084600000| 87%| O|  |TAMS 0x0000000084500000| PB 0x0000000084500000| Untracked |  0
|  26|0x0000000084600000, 0x00000000846ffff8, 0x0000000084700000| 99%| O|  |TAMS 0x0000000084600000| PB 0x0000000084600000| Untracked |  0
|  27|0x0000000084700000, 0x00000000847ac418, 0x0000000084800000| 67%| O|  |TAMS 0x0000000084700000| PB 0x0000000084700000| Untracked |  0
|  28|0x0000000084800000, 0x0000000084800000, 0x0000000084900000|  0%| F|  |TAMS 0x0000000084800000| PB 0x0000000084800000| Untracked |  0
|  29|0x0000000084900000, 0x0000000084968470, 0x0000000084a00000| 40%| O|  |TAMS 0x0000000084900000| PB 0x0000000084900000| Untracked |  0
|  30|0x0000000084a00000, 0x0000000084a00000, 0x0000000084b00000|  0%| F|  |TAMS 0x0000000084a00000| PB 0x0000000084a00000| Untracked |  0
|  31|0x0000000084b00000, 0x0000000084b00000, 0x0000000084c00000|  0%| F|  |TAMS 0x0000000084b00000| PB 0x0000000084b00000| Untracked |  0
|  32|0x0000000084c00000, 0x0000000084c00000, 0x0000000084d00000|  0%| F|  |TAMS 0x0000000084c00000| PB 0x0000000084c00000| Untracked |  0
|  33|0x0000000084d00000, 0x0000000084d00000, 0x0000000084e00000|  0%| F|  |TAMS 0x0000000084d00000| PB 0x0000000084d00000| Untracked |  0
|  34|0x0000000084e00000, 0x0000000084e00000, 0x0000000084f00000|  0%| F|  |TAMS 0x0000000084e00000| PB 0x0000000084e00000| Untracked |  0
|  35|0x0000000084f00000, 0x0000000084f7ba98, 0x0000000085000000| 48%| S|CS|TAMS 0x0000000084f00000| PB 0x0000000084f00000| Complete |  0
|  36|0x0000000085000000, 0x0000000085100000, 0x0000000085100000|100%| S|CS|TAMS 0x0000000085000000| PB 0x0000000085000000| Complete |  0
|  37|0x0000000085100000, 0x0000000085200000, 0x0000000085200000|100%| S|CS|TAMS 0x0000000085100000| PB 0x0000000085100000| Complete |  0
|  38|0x0000000085200000, 0x0000000085300000, 0x0000000085300000|100%| S|CS|TAMS 0x0000000085200000| PB 0x0000000085200000| Complete |  0
|  39|0x0000000085300000, 0x0000000085400000, 0x0000000085400000|100%| S|CS|TAMS 0x0000000085300000| PB 0x0000000085300000| Complete |  0
|  40|0x0000000085400000, 0x0000000085400000, 0x0000000085500000|  0%| F|  |TAMS 0x0000000085400000| PB 0x0000000085400000| Untracked |  0
|  41|0x0000000085500000, 0x0000000085500000, 0x0000000085600000|  0%| F|  |TAMS 0x0000000085500000| PB 0x0000000085500000| Untracked |  0
|  42|0x0000000085600000, 0x0000000085600000, 0x0000000085700000|  0%| F|  |TAMS 0x0000000085600000| PB 0x0000000085600000| Untracked |  0
|  43|0x0000000085700000, 0x0000000085700000, 0x0000000085800000|  0%| F|  |TAMS 0x0000000085700000| PB 0x0000000085700000| Untracked |  0
|  44|0x0000000085800000, 0x0000000085800000, 0x0000000085900000|  0%| F|  |TAMS 0x0000000085800000| PB 0x0000000085800000| Untracked |  0
|  45|0x0000000085900000, 0x0000000085900000, 0x0000000085a00000|  0%| F|  |TAMS 0x0000000085900000| PB 0x0000000085900000| Untracked |  0
|  46|0x0000000085a00000, 0x0000000085a00000, 0x0000000085b00000|  0%| F|  |TAMS 0x0000000085a00000| PB 0x0000000085a00000| Untracked |  0
|  47|0x0000000085b00000, 0x0000000085b00000, 0x0000000085c00000|  0%| F|  |TAMS 0x0000000085b00000| PB 0x0000000085b00000| Untracked |  0
|  48|0x0000000085c00000, 0x0000000085c00000, 0x0000000085d00000|  0%| F|  |TAMS 0x0000000085c00000| PB 0x0000000085c00000| Untracked |  0
|  49|0x0000000085d00000, 0x0000000085d00000, 0x0000000085e00000|  0%| F|  |TAMS 0x0000000085d00000| PB 0x0000000085d00000| Untracked |  0
|  50|0x0000000085e00000, 0x0000000085e00000, 0x0000000085f00000|  0%| F|  |TAMS 0x0000000085e00000| PB 0x0000000085e00000| Untracked |  0
|  51|0x0000000085f00000, 0x0000000085f00000, 0x0000000086000000|  0%| F|  |TAMS 0x0000000085f00000| PB 0x0000000085f00000| Untracked |  0
|  52|0x0000000086000000, 0x0000000086000000, 0x0000000086100000|  0%| F|  |TAMS 0x0000000086000000| PB 0x0000000086000000| Untracked |  0
|  53|0x0000000086100000, 0x0000000086100000, 0x0000000086200000|  0%| F|  |TAMS 0x0000000086100000| PB 0x0000000086100000| Untracked |  0
|  54|0x0000000086200000, 0x0000000086200000, 0x0000000086300000|  0%| F|  |TAMS 0x0000000086200000| PB 0x0000000086200000| Untracked |  0
|  55|0x0000000086300000, 0x0000000086300000, 0x0000000086400000|  0%| F|  |TAMS 0x0000000086300000| PB 0x0000000086300000| Untracked |  0
|  56|0x0000000086400000, 0x0000000086400000, 0x0000000086500000|  0%| F|  |TAMS 0x0000000086400000| PB 0x0000000086400000| Untracked |  0
|  57|0x0000000086500000, 0x0000000086500000, 0x0000000086600000|  0%| F|  |TAMS 0x0000000086500000| PB 0x0000000086500000| Untracked |  0
|  58|0x0000000086600000, 0x0000000086600000, 0x0000000086700000|  0%| F|  |TAMS 0x0000000086600000| PB 0x0000000086600000| Untracked |  0
|  59|0x0000000086700000, 0x0000000086700000, 0x0000000086800000|  0%| F|  |TAMS 0x0000000086700000| PB 0x0000000086700000| Untracked |  0
|  60|0x0000000086800000, 0x0000000086800000, 0x0000000086900000|  0%| F|  |TAMS 0x0000000086800000| PB 0x0000000086800000| Untracked |  0
|  61|0x0000000086900000, 0x0000000086900000, 0x0000000086a00000|  0%| F|  |TAMS 0x0000000086900000| PB 0x0000000086900000| Untracked |  0
|  62|0x0000000086a00000, 0x0000000086a00000, 0x0000000086b00000|  0%| F|  |TAMS 0x0000000086a00000| PB 0x0000000086a00000| Untracked |  0
|  63|0x0000000086b00000, 0x0000000086b00000, 0x0000000086c00000|  0%| F|  |TAMS 0x0000000086b00000| PB 0x0000000086b00000| Untracked |  0
|  64|0x0000000086c00000, 0x0000000086c00000, 0x0000000086d00000|  0%| F|  |TAMS 0x0000000086c00000| PB 0x0000000086c00000| Untracked |  0
|  65|0x0000000086d00000, 0x0000000086d00000, 0x0000000086e00000|  0%| F|  |TAMS 0x0000000086d00000| PB 0x0000000086d00000| Untracked |  0
|  66|0x0000000086e00000, 0x0000000086e00000, 0x0000000086f00000|  0%| F|  |TAMS 0x0000000086e00000| PB 0x0000000086e00000| Untracked |  0
|  67|0x0000000086f00000, 0x0000000086f00000, 0x0000000087000000|  0%| F|  |TAMS 0x0000000086f00000| PB 0x0000000086f00000| Untracked |  0
|  68|0x0000000087000000, 0x0000000087000000, 0x0000000087100000|  0%| F|  |TAMS 0x0000000087000000| PB 0x0000000087000000| Untracked |  0
|  69|0x0000000087100000, 0x0000000087100000, 0x0000000087200000|  0%| F|  |TAMS 0x0000000087100000| PB 0x0000000087100000| Untracked |  0
|  70|0x0000000087200000, 0x0000000087200000, 0x0000000087300000|  0%| F|  |TAMS 0x0000000087200000| PB 0x0000000087200000| Untracked |  0
|  71|0x0000000087300000, 0x0000000087300000, 0x0000000087400000|  0%| F|  |TAMS 0x0000000087300000| PB 0x0000000087300000| Untracked |  0
|  72|0x0000000087400000, 0x0000000087400000, 0x0000000087500000|  0%| F|  |TAMS 0x0000000087400000| PB 0x0000000087400000| Untracked |  0
|  73|0x0000000087500000, 0x0000000087500000, 0x0000000087600000|  0%| F|  |TAMS 0x0000000087500000| PB 0x0000000087500000| Untracked |  0
|  74|0x0000000087600000, 0x0000000087600000, 0x0000000087700000|  0%| F|  |TAMS 0x0000000087600000| PB 0x0000000087600000| Untracked |  0
| 112|0x0000000089c00000, 0x0000000089c00000, 0x0000000089d00000|  0%| F|  |TAMS 0x0000000089c00000| PB 0x0000000089c00000| Untracked |  0
| 113|0x0000000089d00000, 0x0000000089d00000, 0x0000000089e00000|  0%| F|  |TAMS 0x0000000089d00000| PB 0x0000000089d00000| Untracked |  0
| 114|0x0000000089e00000, 0x0000000089e00000, 0x0000000089f00000|  0%| F|  |TAMS 0x0000000089e00000| PB 0x0000000089e00000| Untracked |  0
| 115|0x0000000089f00000, 0x0000000089f256d0, 0x000000008a000000| 14%| E|  |TAMS 0x0000000089f00000| PB 0x0000000089f00000| Complete |  0
| 124|0x000000008a800000, 0x000000008a900000, 0x000000008a900000|100%| E|CS|TAMS 0x000000008a800000| PB 0x000000008a800000| Complete |  0
| 125|0x000000008a900000, 0x000000008aa00000, 0x000000008aa00000|100%| E|  |TAMS 0x000000008a900000| PB 0x000000008a900000| Complete |  0
|2002|0x00000000ffe00000, 0x00000000fff00000, 0x00000000fff00000|100%| E|CS|TAMS 0x00000000ffe00000| PB 0x00000000ffe00000| Complete |  0
|2003|0x00000000fff00000, 0x0000000100000000, 0x0000000100000000|100%| E|CS|TAMS 0x00000000fff00000| PB 0x00000000fff00000| Complete |  0

Card table byte_map: [0x0000018c47140000,0x0000018c47530000] _byte_map_base: 0x0000018c46d2a000

Marking Bits: (CMBitMap*) 0x0000018c3b1e1e10
 Bits: [0x0000018c47530000, 0x0000018c49480000)

Polling page: 0x0000018c39160000

Metaspace:

Usage:
  Non-class:     64.16 MB used.
      Class:      8.01 MB used.
       Both:     72.17 MB used.

Virtual space:
  Non-class space:      128.00 MB reserved,      64.56 MB ( 50%) committed,  2 nodes.
      Class space:        1.00 GB reserved,       8.31 MB ( <1%) committed,  1 nodes.
             Both:        1.12 GB reserved,      72.88 MB (  6%) committed. 

Chunk freelists:
   Non-Class:  15.35 MB
       Class:  7.60 MB
        Both:  22.95 MB

MaxMetaspaceSize: unlimited
CompressedClassSpaceSize: 1.00 GB
Initial GC threshold: 21.00 MB
Current GC threshold: 121.50 MB
CDS: on
 - commit_granule_bytes: 65536.
 - commit_granule_words: 8192.
 - virtual_space_node_default_size: 8388608.
 - enlarge_chunks_in_place: 1.
UseCompressedClassPointers 1, UseCompactObjectHeaders 0
Narrow klass pointer bits 32, Max shift 3
Narrow klass base: 0x0000018c4c000000, Narrow klass shift: 0
Encoding Range: [0x0000018c4c000000 - 0x0000018d4c000000), (4294967296 bytes)
Klass Range:    [0x0000018c4c000000 - 0x0000018c8d000000), (1090519040 bytes)
Klass ID Range:  [8 - 1090519033) (1090519025)


Internal statistics:

num_allocs_failed_limit: 11.
num_arena_births: 1652.
num_arena_deaths: 884.
num_vsnodes_births: 3.
num_vsnodes_deaths: 0.
num_space_committed: 1166.
num_space_uncommitted: 0.
num_chunks_returned_to_freelist: 1013.
num_chunks_taken_from_freelist: 4740.
num_chunk_merges: 201.
num_chunk_splits: 2960.
num_chunks_enlarged: 2293.
num_inconsistent_stats: 0.

CodeCache: size=49152Kb used=13068Kb max_used=14697Kb free=36083Kb
 bounds [0x0000018c43a20000, 0x0000018c44880000, 0x0000018c46a20000]
 total_blobs=9178, nmethods=8442, adapters=661, full_count=0
Compilation: enabled, stopped_count=0, restarted_count=0

Compilation events (20 events):
Event: 256294.249 Thread 0x0000018c93e2b500 12997   !   1       java.util.ArrayList$Itr::remove (68 bytes)
Event: 256294.249 Thread 0x0000018c93e2b500 nmethod 12997 0x0000018c44848088 code [0x0000018c44848200, 0x0000018c44848600]
Event: 256294.278 Thread 0x0000018c93e2b500 12998       1       org.springframework.data.util.ClassTypeInformation::equals (6 bytes)
Event: 256294.278 Thread 0x0000018c4bed68b0 12999       1       org.springframework.data.util.TypeDiscoverer::equals (104 bytes)
Event: 256294.278 Thread 0x0000018c93e2b500 nmethod 12998 0x0000018c4455fe08 code [0x0000018c4455ff20, 0x0000018c44560020]
Event: 256294.279 Thread 0x0000018c4bed68b0 nmethod 12999 0x0000018c44847608 code [0x0000018c44847820, 0x0000018c44847fb0]
Event: 256294.281 Thread 0x0000018c93e2b500 13000       1       org.springframework.data.repository.core.support.RepositoryComposition::<init> (37 bytes)
Event: 256294.282 Thread 0x0000018c93e2b500 nmethod 13000 0x0000018c44847188 code [0x0000018c448472a0, 0x0000018c44847598]
Event: 256294.289 Thread 0x0000018c93e2b500 13001       1       jdk.internal.classfile.impl.SplitConstantPool::classEntry (77 bytes)
Event: 256294.289 Thread 0x0000018c93e2b500 nmethod 13001 0x0000018c44846a08 code [0x0000018c44846b80, 0x0000018c448470b0]
Event: 256294.307 Thread 0x0000018c93e2b500 13002       1       jdk.internal.constant.ConstantUtils::binaryNameToDesc (8 bytes)
Event: 256294.307 Thread 0x0000018c4bed68b0 13003       1       jdk.internal.constant.ConstantUtils::binaryToInternal (9 bytes)
Event: 256294.308 Thread 0x0000018c4bed68b0 nmethod 13003 0x0000018c44560908 code [0x0000018c44560a20, 0x0000018c44560af8]
Event: 256294.308 Thread 0x0000018c93e2b500 nmethod 13002 0x0000018c44846308 code [0x0000018c448464a0, 0x0000018c44846948]
Event: 256294.409 Thread 0x0000018c93e2b500 13004       1       java.security.MessageDigest::getInstance (119 bytes)
Event: 256294.409 Thread 0x0000018c93e2b500 nmethod 13004 0x0000018c44845e88 code [0x0000018c44845fe0, 0x0000018c448462e8]
Event: 256294.476 Thread 0x0000018c93e2b500 13005       1       java.util.stream.Collectors::joining (34 bytes)
Event: 256294.476 Thread 0x0000018c4bed68b0 13006       1       java.util.stream.Collectors$$Lambda/0x80000004a::<init> (20 bytes)
Event: 256294.476 Thread 0x0000018c4bed68b0 nmethod 13006 0x0000018c44552808 code [0x0000018c44552920, 0x0000018c44552af8]
Event: 256294.477 Thread 0x0000018c93e2b500 nmethod 13005 0x0000018c44845808 code [0x0000018c44845960, 0x0000018c44845e00]

GC Heap History (20 events):
Event: 255907.793 GC heap before
{Heap before GC invocations=51 (full 7):
 garbage-first heap   total reserved 2052096K, committed 84992K, used 35676K [0x0000000082c00000, 0x0000000100000000)
  region size 1024K, 6 young (6144K), 2 survivors (2048K)
 Metaspace       used 72449K, committed 73088K, reserved 1114112K
  class space    used 8063K, committed 8320K, reserved 1048576K
}
Event: 255907.836 GC heap after
{Heap after GC invocations=52 (full 8):
 garbage-first heap   total reserved 2052096K, committed 84992K, used 24248K [0x0000000082c00000, 0x0000000100000000)
  region size 1024K, 0 young (0K), 0 survivors (0K)
 Metaspace       used 72396K, committed 73088K, reserved 1114112K
  class space    used 8048K, committed 8320K, reserved 1048576K
}
Event: 255908.456 GC heap before
{Heap before GC invocations=52 (full 8):
 garbage-first heap   total reserved 2052096K, committed 84992K, used 70328K [0x0000000082c00000, 0x0000000100000000)
  region size 1024K, 46 young (47104K), 0 survivors (0K)
 Metaspace       used 72665K, committed 73408K, reserved 1114112K
  class space    used 8105K, committed 8448K, reserved 1048576K
}
Event: 255908.462 GC heap after
{Heap after GC invocations=53 (full 8):
 garbage-first heap   total reserved 2052096K, committed 84992K, used 29959K [0x0000000082c00000, 0x0000000100000000)
  region size 1024K, 6 young (6144K), 6 survivors (6144K)
 Metaspace       used 72665K, committed 73408K, reserved 1114112K
  class space    used 8105K, committed 8448K, reserved 1048576K
}
Event: 256003.802 GC heap before
{Heap before GC invocations=54 (full 8):
 garbage-first heap   total reserved 2052096K, committed 84992K, used 57607K [0x0000000082c00000, 0x0000000100000000)
  region size 1024K, 34 young (34816K), 6 survivors (6144K)
 Metaspace       used 72898K, committed 73664K, reserved 1114112K
  class space    used 8132K, committed 8448K, reserved 1048576K
}
Event: 256003.846 GC heap after
{Heap after GC invocations=55 (full 9):
 garbage-first heap   total reserved 2052096K, committed 84992K, used 27429K [0x0000000082c00000, 0x0000000100000000)
  region size 1024K, 0 young (0K), 0 survivors (0K)
 Metaspace       used 72842K, committed 73664K, reserved 1114112K
  class space    used 8117K, committed 8448K, reserved 1048576K
}
Event: 256004.460 GC heap before
{Heap before GC invocations=55 (full 9):
 garbage-first heap   total reserved 2052096K, committed 84992K, used 70437K [0x0000000082c00000, 0x0000000100000000)
  region size 1024K, 43 young (44032K), 0 survivors (0K)
 Metaspace       used 73052K, committed 73792K, reserved 1114112K
  class space    used 8140K, committed 8448K, reserved 1048576K
}
Event: 256004.465 GC heap after
{Heap after GC invocations=56 (full 9):
 garbage-first heap   total reserved 2052096K, committed 84992K, used 31857K [0x0000000082c00000, 0x0000000100000000)
  region size 1024K, 5 young (5120K), 5 survivors (5120K)
 Metaspace       used 73052K, committed 73792K, reserved 1114112K
  class space    used 8140K, committed 8448K, reserved 1048576K
}
Event: 256104.354 GC heap before
{Heap before GC invocations=57 (full 9):
 garbage-first heap   total reserved 2052096K, committed 84992K, used 55409K [0x0000000082c00000, 0x0000000100000000)
  region size 1024K, 29 young (29696K), 5 survivors (5120K)
 Metaspace       used 73049K, committed 73856K, reserved 1114112K
  class space    used 8119K, committed 8448K, reserved 1048576K
}
Event: 256104.394 GC heap after
{Heap after GC invocations=58 (full 10):
 garbage-first heap   total reserved 2052096K, committed 84992K, used 27463K [0x0000000082c00000, 0x0000000100000000)
  region size 1024K, 0 young (0K), 0 survivors (0K)
 Metaspace       used 73046K, committed 73856K, reserved 1114112K
  class space    used 8119K, committed 8448K, reserved 1048576K
}
Event: 256104.876 GC heap before
{Heap before GC invocations=58 (full 10):
 garbage-first heap   total reserved 2052096K, committed 84992K, used 70471K [0x0000000082c00000, 0x0000000100000000)
  region size 1024K, 43 young (44032K), 0 survivors (0K)
 Metaspace       used 73268K, committed 73984K, reserved 1179648K
  class space    used 8144K, committed 8448K, reserved 1048576K
}
Event: 256104.879 GC heap after
{Heap after GC invocations=59 (full 10):
 garbage-first heap   total reserved 2052096K, committed 84992K, used 31864K [0x0000000082c00000, 0x0000000100000000)
  region size 1024K, 5 young (5120K), 5 survivors (5120K)
 Metaspace       used 73268K, committed 73984K, reserved 1179648K
  class space    used 8144K, committed 8448K, reserved 1048576K
}
Event: 256139.584 GC heap before
{Heap before GC invocations=60 (full 10):
 garbage-first heap   total reserved 2052096K, committed 84992K, used 49272K [0x0000000082c00000, 0x0000000100000000)
  region size 1024K, 23 young (23552K), 5 survivors (5120K)
 Metaspace       used 73358K, committed 74048K, reserved 1179648K
  class space    used 8151K, committed 8448K, reserved 1048576K
}
Event: 256139.621 GC heap after
{Heap after GC invocations=61 (full 11):
 garbage-first heap   total reserved 2052096K, committed 84992K, used 27577K [0x0000000082c00000, 0x0000000100000000)
  region size 1024K, 0 young (0K), 0 survivors (0K)
 Metaspace       used 73355K, committed 74048K, reserved 1179648K
  class space    used 8150K, committed 8448K, reserved 1048576K
}
Event: 256140.076 GC heap before
{Heap before GC invocations=61 (full 11):
 garbage-first heap   total reserved 2052096K, committed 84992K, used 70585K [0x0000000082c00000, 0x0000000100000000)
  region size 1024K, 43 young (44032K), 0 survivors (0K)
 Metaspace       used 73560K, committed 74304K, reserved 1179648K
  class space    used 8172K, committed 8512K, reserved 1048576K
}
Event: 256140.080 GC heap after
{Heap after GC invocations=62 (full 11):
 garbage-first heap   total reserved 2052096K, committed 84992K, used 31971K [0x0000000082c00000, 0x0000000100000000)
  region size 1024K, 5 young (5120K), 5 survivors (5120K)
 Metaspace       used 73560K, committed 74304K, reserved 1179648K
  class space    used 8172K, committed 8512K, reserved 1048576K
}
Event: 256293.801 GC heap before
{Heap before GC invocations=63 (full 11):
 garbage-first heap   total reserved 2052096K, committed 84992K, used 59619K [0x0000000082c00000, 0x0000000100000000)
  region size 1024K, 33 young (33792K), 5 survivors (5120K)
 Metaspace       used 73650K, committed 74368K, reserved 1179648K
  class space    used 8178K, committed 8512K, reserved 1048576K
}
Event: 256293.843 GC heap after
{Heap after GC invocations=64 (full 12):
 garbage-first heap   total reserved 2052096K, committed 84992K, used 27803K [0x0000000082c00000, 0x0000000100000000)
  region size 1024K, 0 young (0K), 0 survivors (0K)
 Metaspace       used 73645K, committed 74368K, reserved 1179648K
  class space    used 8177K, committed 8512K, reserved 1048576K
}
Event: 256294.282 GC heap before
{Heap before GC invocations=64 (full 12):
 garbage-first heap   total reserved 2052096K, committed 84992K, used 70811K [0x0000000082c00000, 0x0000000100000000)
  region size 1024K, 43 young (44032K), 0 survivors (0K)
 Metaspace       used 73855K, committed 74560K, reserved 1179648K
  class space    used 8203K, committed 8512K, reserved 1048576K
}
Event: 256294.285 GC heap after
{Heap after GC invocations=65 (full 12):
 garbage-first heap   total reserved 2052096K, committed 84992K, used 32394K [0x0000000082c00000, 0x0000000100000000)
  region size 1024K, 5 young (5120K), 5 survivors (5120K)
 Metaspace       used 73855K, committed 74560K, reserved 1179648K
  class space    used 8203K, committed 8512K, reserved 1048576K
}

Dll operation events (12 events):
Event: 0.016 Loaded shared library C:\Program Files\java\jdk-24\bin\java.dll
Event: 0.256 Loaded shared library C:\Program Files\java\jdk-24\bin\zip.dll
Event: 0.264 Loaded shared library C:\Program Files\java\jdk-24\bin\instrument.dll
Event: 0.278 Loaded shared library C:\Program Files\java\jdk-24\bin\net.dll
Event: 0.280 Loaded shared library C:\Program Files\java\jdk-24\bin\nio.dll
Event: 0.288 Loaded shared library C:\Program Files\java\jdk-24\bin\zip.dll
Event: 0.540 Loaded shared library C:\Program Files\java\jdk-24\bin\jimage.dll
Event: 0.617 Loaded shared library C:\Program Files\java\jdk-24\bin\management.dll
Event: 0.632 Loaded shared library C:\Program Files\java\jdk-24\bin\management_ext.dll
Event: 1.038 Loaded shared library C:\Program Files\java\jdk-24\bin\extnet.dll
Event: 1.072 Loaded shared library C:\Program Files\java\jdk-24\bin\verify.dll
Event: 2.859 Loaded shared library C:\Program Files\java\jdk-24\bin\sunmscapi.dll

Deoptimization events (20 events):
Event: 256294.288 Thread 0x0000018c9304df30 DEOPT PACKING pc=0x0000018c440e704c sp=0x0000005496df9b70
Event: 256294.288 Thread 0x0000018c9304df30 DEOPT UNPACKING pc=0x0000018c43a75722 sp=0x0000005496df90c0 mode 1
Event: 256294.288 Thread 0x0000018c9304df30 DEOPT PACKING pc=0x0000018c440e56ec sp=0x0000005496df9c80
Event: 256294.288 Thread 0x0000018c9304df30 DEOPT UNPACKING pc=0x0000018c43a75722 sp=0x0000005496df91d0 mode 1
Event: 256294.288 Thread 0x0000018c9304df30 DEOPT PACKING pc=0x0000018c440e624c sp=0x0000005496df9d90
Event: 256294.288 Thread 0x0000018c9304df30 DEOPT UNPACKING pc=0x0000018c43a75722 sp=0x0000005496df92e0 mode 1
Event: 256294.295 Thread 0x0000018c9304df30 DEOPT PACKING pc=0x0000018c440e704c sp=0x0000005496dfc730
Event: 256294.295 Thread 0x0000018c9304df30 DEOPT UNPACKING pc=0x0000018c43a75722 sp=0x0000005496dfbc80 mode 1
Event: 256294.295 Thread 0x0000018c9304df30 DEOPT PACKING pc=0x0000018c440e56ec sp=0x0000005496dfc840
Event: 256294.295 Thread 0x0000018c9304df30 DEOPT UNPACKING pc=0x0000018c43a75722 sp=0x0000005496dfbd90 mode 1
Event: 256294.295 Thread 0x0000018c9304df30 DEOPT PACKING pc=0x0000018c440e624c sp=0x0000005496dfc950
Event: 256294.295 Thread 0x0000018c9304df30 DEOPT UNPACKING pc=0x0000018c43a75722 sp=0x0000005496dfbea0 mode 1
Event: 256294.295 Thread 0x0000018c9304df30 DEOPT PACKING pc=0x0000018c440e704c sp=0x0000005496dfc6f0
Event: 256294.295 Thread 0x0000018c9304df30 DEOPT UNPACKING pc=0x0000018c43a75722 sp=0x0000005496dfbc40 mode 1
Event: 256294.295 Thread 0x0000018c9304df30 DEOPT PACKING pc=0x0000018c440e56ec sp=0x0000005496dfc800
Event: 256294.295 Thread 0x0000018c9304df30 DEOPT UNPACKING pc=0x0000018c43a75722 sp=0x0000005496dfbd50 mode 1
Event: 256294.295 Thread 0x0000018c9304df30 DEOPT PACKING pc=0x0000018c440e624c sp=0x0000005496dfc910
Event: 256294.295 Thread 0x0000018c9304df30 DEOPT UNPACKING pc=0x0000018c43a75722 sp=0x0000005496dfbe60 mode 1
Event: 256311.546 Thread 0x0000018c9304df30 DEOPT PACKING pc=0x0000018c43d7a694 sp=0x0000005496dfd4f0
Event: 256311.546 Thread 0x0000018c9304df30 DEOPT UNPACKING pc=0x0000018c43a75722 sp=0x0000005496dfc9a8 mode 0

Classes loaded (20 events):
Event: 255444.253 Loading class jdk/internal/loader/BootLoader$PackageHelper
Event: 255444.255 Loading class jdk/internal/loader/BootLoader$PackageHelper done
Event: 255444.257 Loading class java/lang/Class$Holder
Event: 255444.258 Loading class java/lang/Class$Holder done
Event: 255486.369 Loading class java/util/stream/ReduceOps$5
Event: 255486.371 Loading class java/util/stream/ReduceOps$5 done
Event: 255486.371 Loading class java/util/stream/ReduceOps$CountingSink$OfRef
Event: 255486.372 Loading class java/util/stream/ReduceOps$CountingSink
Event: 255486.373 Loading class java/util/stream/ReduceOps$CountingSink done
Event: 255486.373 Loading class java/util/stream/ReduceOps$CountingSink$OfRef done
Event: 255486.681 Loading class java/time/DurationEditor
Event: 255486.681 Loading class java/time/DurationEditor done
Event: 255534.012 Loading class java/lang/invoke/MethodHandleImpl$CountingWrapper$1
Event: 255534.013 Loading class java/lang/invoke/MethodHandleImpl$CountingWrapper$1 done
Event: 255908.527 Loading class java/time/DurationEditor
Event: 255908.527 Loading class java/time/DurationEditor done
Event: 256004.519 Loading class java/time/DurationEditor
Event: 256004.519 Loading class java/time/DurationEditor done
Event: 256104.931 Loading class java/time/DurationEditor
Event: 256104.931 Loading class java/time/DurationEditor done

Classes unloaded (20 events):
Event: 256004.494 Thread 0x0000018c4beb2b10 Unloading class 0x0000018c4d3a4000 'java/lang/invoke/LambdaForm$MH+0x0000018c4d3a4000'
Event: 256004.494 Thread 0x0000018c4beb2b10 Unloading class 0x0000018c4d395c00 'java/lang/invoke/LambdaForm$MH+0x0000018c4d395c00'
Event: 256004.494 Thread 0x0000018c4beb2b10 Unloading class 0x0000018c4d394c00 'java/lang/invoke/LambdaForm$BMH+0x0000018c4d394c00'
Event: 256004.494 Thread 0x0000018c4beb2b10 Unloading class 0x0000018c4d304800 'java/lang/invoke/LambdaForm$MH+0x0000018c4d304800'
Event: 256004.494 Thread 0x0000018c4beb2b10 Unloading class 0x0000018c4d808c00 'java/lang/invoke/LambdaForm$MH+0x0000018c4d808c00'
Event: 256004.494 Thread 0x0000018c4beb2b10 Unloading class 0x0000018c4d809000 'java/lang/invoke/LambdaForm$MH+0x0000018c4d809000'
Event: 256004.494 Thread 0x0000018c4beb2b10 Unloading class 0x0000018c4d324800 'java/lang/invoke/LambdaForm$MH+0x0000018c4d324800'
Event: 256004.494 Thread 0x0000018c4beb2b10 Unloading class 0x0000018c4d7fa000 'java/lang/invoke/LambdaForm$MH+0x0000018c4d7fa000'
Event: 256104.367 Thread 0x0000018c4beb2b10 Unloading class 0x0000018c4d859000 'org/apache/catalina/loader/JdbcLeakPrevention'
Event: 256104.904 Thread 0x0000018c4beb2b10 Unloading class 0x0000018c4d855800 'java/lang/invoke/LambdaForm$MH+0x0000018c4d855800'
Event: 256104.904 Thread 0x0000018c4beb2b10 Unloading class 0x0000018c4d856c00 'java/lang/invoke/LambdaForm$MH+0x0000018c4d856c00'
Event: 256104.904 Thread 0x0000018c4beb2b10 Unloading class 0x0000018c4d857c00 'java/lang/invoke/LambdaForm$MH+0x0000018c4d857c00'
Event: 256104.904 Thread 0x0000018c4beb2b10 Unloading class 0x0000018c4d858800 'java/lang/invoke/LambdaForm$BMH+0x0000018c4d858800'
Event: 256139.597 Thread 0x0000018c4beb2b10 Unloading class 0x0000018c4d857000 'org/apache/catalina/loader/JdbcLeakPrevention'
Event: 256293.818 Thread 0x0000018c4beb2b10 Unloading class 0x0000018c4d845800 'org/apache/catalina/loader/JdbcLeakPrevention'
Event: 256293.818 Thread 0x0000018c4beb2b10 Unloading class 0x0000018c4d7f8c00 'java/lang/invoke/LambdaForm$MH+0x0000018c4d7f8c00'
Event: 256294.323 Thread 0x0000018c4beb2b10 Unloading class 0x0000018c4d858800 'java/lang/invoke/LambdaForm$MH+0x0000018c4d858800'
Event: 256294.323 Thread 0x0000018c4beb2b10 Unloading class 0x0000018c4d857c00 'java/lang/invoke/LambdaForm$MH+0x0000018c4d857c00'
Event: 256294.323 Thread 0x0000018c4beb2b10 Unloading class 0x0000018c4d856c00 'java/lang/invoke/LambdaForm$MH+0x0000018c4d856c00'
Event: 256294.323 Thread 0x0000018c4beb2b10 Unloading class 0x0000018c4d855800 'java/lang/invoke/LambdaForm$BMH+0x0000018c4d855800'

Classes redefined (2 events):
Event: 255470.309 Thread 0x0000018c4beb2b10 redefined class name=com.product.Repository.UserRepo, count=1
Event: 256311.569 Thread 0x0000018c4beb2b10 redefined class name=com.product.Controller.UserCotroller, count=1

Internal exceptions (20 events):
Event: 256139.921 Thread 0x0000018c9304edd0 Exception <a 'java/io/IOException'{0x0000000086246948}> (0x0000000086246948) 
thrown [s\open\src\hotspot\share\prims\jni.cpp, line 518]
Event: 256139.922 Thread 0x0000018c9304edd0 Exception <a 'java/io/IOException'{0x0000000086247420}> (0x0000000086247420) 
thrown [s\open\src\hotspot\share\prims\jni.cpp, line 518]
Event: 256139.929 Thread 0x0000018c9304edd0 Exception <a 'java/io/FileNotFoundException'{0x00000000862f40b0}> (0x00000000862f40b0) 
thrown [s\open\src\hotspot\share\prims\jni.cpp, line 518]
Event: 256140.130 Thread 0x0000018c9304edd0 Exception <a 'java/io/IOException'{0x0000000089e449d0}> (0x0000000089e449d0) 
thrown [s\open\src\hotspot\share\prims\jni.cpp, line 518]
Event: 256293.800 Thread 0x0000018c93052100 Exception <a 'java/lang/InterruptedException'{0x0000000086f338f8}: sleep interrupted> (0x0000000086f338f8) 
thrown [s\open\src\hotspot\share\prims\jvm.cpp, line 2955]
Event: 256293.855 Thread 0x0000018c9304df30 Exception <a 'sun/nio/fs/WindowsException'{0x00000000fff5af78}> (0x00000000fff5af78) 
thrown [s\open\src\hotspot\share\prims\jni.cpp, line 518]
Event: 256294.065 Thread 0x0000018c9304df30 Exception <a 'java/lang/NoClassDefFoundError'{0x0000000086992f50}: org/flywaydb/core/Flyway> (0x0000000086992f50) 
thrown [s\open\src\hotspot\share\oops\constantPool.cpp, line 1048]
Event: 256294.066 Thread 0x0000018c9304df30 Exception <a 'java/lang/NoClassDefFoundError'{0x00000000869935b0}: liquibase/integration/spring/SpringLiquibase> (0x00000000869935b0) 
thrown [s\open\src\hotspot\share\oops\constantPool.cpp, line 1048]
Event: 256294.070 Thread 0x0000018c9304df30 Exception <a 'java/lang/NoClassDefFoundError'{0x00000000869bd2e8}: org/jooq/DSLContext> (0x00000000869bd2e8) 
thrown [s\open\src\hotspot\share\oops\constantPool.cpp, line 1048]
Event: 256294.073 Thread 0x0000018c9304df30 Exception <a 'java/lang/NoClassDefFoundError'{0x00000000868059f0}: org/springframework/batch/core/repository/JobRepository> (0x00000000868059f0) 
thrown [s\open\src\hotspot\share\oops\constantPool.cpp, line 1048]
Event: 256294.075 Thread 0x0000018c9304df30 Exception <a 'java/lang/NoClassDefFoundError'{0x0000000086806048}: org/quartz/Scheduler> (0x0000000086806048) 
thrown [s\open\src\hotspot\share\oops\constantPool.cpp, line 1048]
Event: 256294.076 Thread 0x0000018c9304df30 Exception <a 'java/lang/NoClassDefFoundError'{0x00000000868066c8}: org/springframework/session/jdbc/JdbcIndexedSessionRepository> (0x00000000868066c8) 
thrown [s\open\src\hotspot\share\oops\constantPool.cpp, line 1048]
Event: 256294.114 Thread 0x0000018c9304df30 Exception <a 'java/io/FileNotFoundException'{0x000000008634a0c0}> (0x000000008634a0c0) 
thrown [s\open\src\hotspot\share\prims\jni.cpp, line 518]
Event: 256294.121 Thread 0x0000018c9304df30 Exception <a 'java/io/IOException'{0x000000008623e040}> (0x000000008623e040) 
thrown [s\open\src\hotspot\share\prims\jni.cpp, line 518]
Event: 256294.122 Thread 0x0000018c9304df30 Exception <a 'java/io/IOException'{0x000000008623e770}> (0x000000008623e770) 
thrown [s\open\src\hotspot\share\prims\jni.cpp, line 518]
Event: 256294.122 Thread 0x0000018c9304df30 Exception <a 'java/io/IOException'{0x000000008623ee80}> (0x000000008623ee80) 
thrown [s\open\src\hotspot\share\prims\jni.cpp, line 518]
Event: 256294.124 Thread 0x0000018c9304df30 Exception <a 'java/io/IOException'{0x00000000862471f8}> (0x00000000862471f8) 
thrown [s\open\src\hotspot\share\prims\jni.cpp, line 518]
Event: 256294.124 Thread 0x0000018c9304df30 Exception <a 'java/io/IOException'{0x0000000086247c70}> (0x0000000086247c70) 
thrown [s\open\src\hotspot\share\prims\jni.cpp, line 518]
Event: 256294.124 Thread 0x0000018c9304df30 Exception <a 'java/io/IOException'{0x0000000086248748}> (0x0000000086248748) 
thrown [s\open\src\hotspot\share\prims\jni.cpp, line 518]
Event: 256294.131 Thread 0x0000018c9304df30 Exception <a 'java/io/FileNotFoundException'{0x00000000862f5680}> (0x00000000862f5680) 
thrown [s\open\src\hotspot\share\prims\jni.cpp, line 518]

VM Operations (20 events):
Event: 256294.908 Executing VM operation: get/set locals
Event: 256294.908 Executing VM operation: get/set locals done
Event: 256294.909 Executing VM operation: get/set locals
Event: 256294.909 Executing VM operation: get/set locals done
Event: 256294.911 Executing VM operation: get/set locals
Event: 256294.911 Executing VM operation: get/set locals done
Event: 256294.912 Executing VM operation: get/set locals
Event: 256294.912 Executing VM operation: get/set locals done
Event: 256294.913 Executing VM operation: get/set locals
Event: 256294.913 Executing VM operation: get/set locals done
Event: 256294.915 Executing VM operation: get/set locals
Event: 256294.915 Executing VM operation: get/set locals done
Event: 256311.545 Executing VM operation: ChangeSingleStep
Event: 256311.545 Executing VM operation: ChangeSingleStep done
Event: 256311.546 Executing VM operation: ChangeSingleStep
Event: 256311.546 Executing VM operation: ChangeSingleStep done
Event: 256311.561 Executing VM operation: RedefineClasses
Event: 256311.587 Executing VM operation: RedefineClasses done
Event: 256311.589 Executing VM operation: ChangeSingleStep
Event: 256311.589 Executing VM operation: ChangeSingleStep done

Memory protections (0 events):
No events

Nmethod flushes (20 events):
Event: 256293.824 Thread 0x0000018c4beb2b10 flushing  nmethod 0x0000018c43d55288
Event: 256293.824 Thread 0x0000018c4beb2b10 flushing  nmethod 0x0000018c43d6e088
Event: 256293.824 Thread 0x0000018c4beb2b10 flushing  nmethod 0x0000018c43f53b88
Event: 256293.824 Thread 0x0000018c4beb2b10 flushing  nmethod 0x0000018c4401b708
Event: 256293.824 Thread 0x0000018c4beb2b10 flushing  nmethod 0x0000018c44190d08
Event: 256293.824 Thread 0x0000018c4beb2b10 flushing  nmethod 0x0000018c4427b488
Event: 256293.824 Thread 0x0000018c4beb2b10 flushing  nmethod 0x0000018c4430fc08
Event: 256293.824 Thread 0x0000018c4beb2b10 flushing  nmethod 0x0000018c4443ac88
Event: 256293.824 Thread 0x0000018c4beb2b10 flushing  nmethod 0x0000018c444a9888
Event: 256293.824 Thread 0x0000018c4beb2b10 flushing  nmethod 0x0000018c444ea708
Event: 256293.824 Thread 0x0000018c4beb2b10 flushing  nmethod 0x0000018c444edb88
Event: 256293.824 Thread 0x0000018c4beb2b10 flushing  nmethod 0x0000018c44528f88
Event: 256293.824 Thread 0x0000018c4beb2b10 flushing  nmethod 0x0000018c4455fe08
Event: 256293.824 Thread 0x0000018c4beb2b10 flushing  nmethod 0x0000018c44560908
Event: 256293.824 Thread 0x0000018c4beb2b10 flushing  nmethod 0x0000018c44561a88
Event: 256293.824 Thread 0x0000018c4beb2b10 flushing  nmethod 0x0000018c44562088
Event: 256293.824 Thread 0x0000018c4beb2b10 flushing  nmethod 0x0000018c44562488
Event: 256293.824 Thread 0x0000018c4beb2b10 flushing  nmethod 0x0000018c44563088
Event: 256293.824 Thread 0x0000018c4beb2b10 flushing  nmethod 0x0000018c44563388
Event: 256293.824 Thread 0x0000018c4beb2b10 flushing  nmethod 0x0000018c4462f188

Events (20 events):
Event: 256293.789 Thread 0x0000018c93a03db0 Thread exited: 0x0000018c93a03db0
Event: 256293.792 Thread 0x0000018c92095920 Thread added: 0x0000018c9304d090
Event: 256293.793 Thread 0x0000018c93052850 Thread exited: 0x0000018c93052850
Event: 256293.796 Thread 0x0000018c9304d090 Thread exited: 0x0000018c9304d090
Event: 256293.801 Thread 0x0000018c93052100 Thread exited: 0x0000018c93052100
Event: 256293.843 Thread 0x0000018c9304fc70 Thread exited: 0x0000018c9304fc70
Event: 256293.843 Thread 0x0000018c92095920 Thread added: 0x0000018c93052100
Event: 256293.844 Thread 0x0000018c93050b10 Thread exited: 0x0000018c93050b10
Event: 256293.844 Thread 0x0000018c93052100 Thread exited: 0x0000018c93052100
Event: 256293.844 Thread 0x0000018c92095920 Thread added: 0x0000018c9304df30
Event: 256293.892 Thread 0x0000018c9304df30 Thread added: 0x0000018c9304edd0
Event: 256293.920 Thread 0x0000018c9304edd0 Thread exited: 0x0000018c9304edd0
Event: 256294.131 Thread 0x0000018c9304df30 Thread added: 0x0000018c9304fc70
Event: 256294.131 Thread 0x0000018c9304df30 Thread added: 0x0000018c9304edd0
Event: 256294.131 Thread 0x0000018c9304df30 Thread added: 0x0000018c93050b10
Event: 256294.162 Thread 0x0000018c9304df30 Thread added: 0x0000018c9304d090
Event: 256294.216 Thread 0x0000018c4bed68b0 Thread added: 0x0000018c93e2b500
Event: 256294.264 Thread 0x0000018c9304d090 Thread added: 0x0000018c93052100
Event: 256299.476 Thread 0x0000018c93e2b500 Thread exited: 0x0000018c93e2b500
Event: 256299.604 Thread 0x0000018c93052100 Thread exited: 0x0000018c93052100


Dynamic libraries:
0x00007ff70e8b0000 - 0x00007ff70e8c0000 	C:\Program Files\java\jdk-24\bin\javaw.exe
0x00007ff843610000 - 0x00007ff843827000 	C:\WINDOWS\SYSTEM32\ntdll.dll
0x00007ff841750000 - 0x00007ff841814000 	C:\WINDOWS\System32\KERNEL32.DLL
0x00007ff840bd0000 - 0x00007ff840fa2000 	C:\WINDOWS\System32\KERNELBASE.dll
0x00007ff840970000 - 0x00007ff840a81000 	C:\WINDOWS\System32\ucrtbase.dll
0x00007ff83d010000 - 0x00007ff83d026000 	C:\Program Files\java\jdk-24\bin\jli.dll
0x00007ff83cce0000 - 0x00007ff83ccfb000 	C:\Program Files\java\jdk-24\bin\VCRUNTIME140.dll
0x00007ff8423d0000 - 0x00007ff842581000 	C:\WINDOWS\System32\USER32.dll
0x00007ff8233e0000 - 0x00007ff82367b000 	C:\WINDOWS\WinSxS\amd64_microsoft.windows.common-controls_6595b64144ccf1df_6.0.22621.5547_none_27104afb73855772\COMCTL32.dll
0x00007ff840fb0000 - 0x00007ff840fd6000 	C:\WINDOWS\System32\win32u.dll
0x00007ff8419c0000 - 0x00007ff841a67000 	C:\WINDOWS\System32\msvcrt.dll
0x00007ff8430d0000 - 0x00007ff8430f9000 	C:\WINDOWS\System32\GDI32.dll
0x00007ff840780000 - 0x00007ff8408a3000 	C:\WINDOWS\System32\gdi32full.dll
0x00007ff840fe0000 - 0x00007ff84107a000 	C:\WINDOWS\System32\msvcp_win.dll
0x00007ff841710000 - 0x00007ff841741000 	C:\WINDOWS\System32\IMM32.DLL
0x00007ff83cfe0000 - 0x00007ff83cfec000 	C:\Program Files\java\jdk-24\bin\vcruntime140_1.dll
0x00007ff83c260000 - 0x00007ff83c2ee000 	C:\Program Files\java\jdk-24\bin\msvcp140.dll
0x00007ff80bdb0000 - 0x00007ff80cb51000 	C:\Program Files\java\jdk-24\bin\server\jvm.dll
0x00007ff843510000 - 0x00007ff8435c1000 	C:\WINDOWS\System32\ADVAPI32.dll
0x00007ff841300000 - 0x00007ff8413a8000 	C:\WINDOWS\System32\sechost.dll
0x00007ff841080000 - 0x00007ff8410a8000 	C:\WINDOWS\System32\bcrypt.dll
0x00007ff842880000 - 0x00007ff842994000 	C:\WINDOWS\System32\RPCRT4.dll
0x00007ff843050000 - 0x00007ff8430c1000 	C:\WINDOWS\System32\WS2_32.dll
0x00007ff8405d0000 - 0x00007ff84061d000 	C:\WINDOWS\SYSTEM32\POWRPROF.dll
0x00007ff83c190000 - 0x00007ff83c1c4000 	C:\WINDOWS\SYSTEM32\WINMM.dll
0x00007ff839130000 - 0x00007ff83913a000 	C:\WINDOWS\SYSTEM32\VERSION.dll
0x00007ff8405b0000 - 0x00007ff8405c3000 	C:\WINDOWS\SYSTEM32\UMPDC.dll
0x00007ff83f6d0000 - 0x00007ff83f6e8000 	C:\WINDOWS\SYSTEM32\kernel.appcore.dll
0x00007ff83cd60000 - 0x00007ff83cd6a000 	C:\Program Files\java\jdk-24\bin\jimage.dll
0x00007ff83e130000 - 0x00007ff83e363000 	C:\WINDOWS\SYSTEM32\DBGHELP.DLL
0x00007ff843100000 - 0x00007ff843493000 	C:\WINDOWS\System32\combase.dll
0x00007ff8415b0000 - 0x00007ff841687000 	C:\WINDOWS\System32\OLEAUT32.dll
0x00007ff823b10000 - 0x00007ff823b42000 	C:\WINDOWS\SYSTEM32\dbgcore.DLL
0x00007ff841220000 - 0x00007ff84129b000 	C:\WINDOWS\System32\bcryptPrimitives.dll
0x00007ff83cae0000 - 0x00007ff83cb1c000 	C:\Program Files\java\jdk-24\bin\jdwp.dll
0x00007ff83ccd0000 - 0x00007ff83ccdf000 	C:\Program Files\java\jdk-24\bin\instrument.dll
0x00007ff83cc00000 - 0x00007ff83cc1e000 	C:\Program Files\java\jdk-24\bin\java.dll
0x00007ff841820000 - 0x00007ff8419c0000 	C:\WINDOWS\System32\ole32.dll
0x00007ff841b00000 - 0x00007ff8423a2000 	C:\WINDOWS\System32\SHELL32.dll
0x00007ff840a90000 - 0x00007ff840bcf000 	C:\WINDOWS\System32\wintypes.dll
0x00007ff83e630000 - 0x00007ff83ef4d000 	C:\WINDOWS\SYSTEM32\windows.storage.dll
0x00007ff842a10000 - 0x00007ff842b1c000 	C:\WINDOWS\System32\SHCORE.dll
0x00007ff8416a0000 - 0x00007ff841709000 	C:\WINDOWS\System32\shlwapi.dll
0x00007ff840630000 - 0x00007ff84065b000 	C:\WINDOWS\SYSTEM32\profapi.dll
0x00007ff83cbf0000 - 0x00007ff83cbfc000 	C:\Program Files\java\jdk-24\bin\dt_socket.dll
0x00007ff83f1f0000 - 0x00007ff83f21d000 	C:\WINDOWS\SYSTEM32\IPHLPAPI.DLL
0x00007ff83fbb0000 - 0x00007ff83fc19000 	C:\WINDOWS\system32\mswsock.dll
0x00007ff83f220000 - 0x00007ff83f318000 	C:\WINDOWS\SYSTEM32\DNSAPI.dll
0x00007ff842590000 - 0x00007ff842599000 	C:\WINDOWS\System32\NSI.dll
0x00007ff838fa0000 - 0x00007ff838faa000 	C:\Windows\System32\rasadhlp.dll
0x00007ff839970000 - 0x00007ff8399f4000 	C:\WINDOWS\System32\fwpuclnt.dll
0x00007ff83ca70000 - 0x00007ff83ca87000 	C:\Program Files\java\jdk-24\bin\zip.dll
0x00007ff83cbc0000 - 0x00007ff83cbd0000 	C:\Program Files\java\jdk-24\bin\net.dll
0x00007ff83ca50000 - 0x00007ff83ca66000 	C:\Program Files\java\jdk-24\bin\nio.dll
0x00007ff83cb60000 - 0x00007ff83cb6a000 	C:\Program Files\java\jdk-24\bin\management.dll
0x00007ff83cad0000 - 0x00007ff83cadb000 	C:\Program Files\java\jdk-24\bin\management_ext.dll
0x00007ff841590000 - 0x00007ff841598000 	C:\WINDOWS\System32\PSAPI.DLL
0x00007ff81d100000 - 0x00007ff81d117000 	C:\WINDOWS\system32\napinsp.dll
0x00007ff81b820000 - 0x00007ff81b83b000 	C:\WINDOWS\system32\pnrpnsp.dll
0x00007ff81a920000 - 0x00007ff81a931000 	C:\WINDOWS\System32\winrnr.dll
0x00007ff81a7b0000 - 0x00007ff81a7cf000 	C:\WINDOWS\system32\wshbth.dll
0x00007ff81a640000 - 0x00007ff81a661000 	C:\WINDOWS\system32\nlansp_c.dll
0x00007ff83fe10000 - 0x00007ff83fe2b000 	C:\WINDOWS\SYSTEM32\CRYPTSP.dll
0x00007ff83f690000 - 0x00007ff83f6c7000 	C:\WINDOWS\system32\rsaenh.dll
0x00007ff83fca0000 - 0x00007ff83fcc8000 	C:\WINDOWS\SYSTEM32\USERENV.dll
0x00007ff83fe00000 - 0x00007ff83fe0c000 	C:\WINDOWS\SYSTEM32\CRYPTBASE.dll
0x00007ff83ca40000 - 0x00007ff83ca49000 	C:\Program Files\java\jdk-24\bin\extnet.dll
0x00007ff83ca30000 - 0x00007ff83ca40000 	C:\Program Files\java\jdk-24\bin\verify.dll
0x00007ff83ca10000 - 0x00007ff83ca1e000 	C:\Program Files\java\jdk-24\bin\sunmscapi.dll
0x00007ff8410b0000 - 0x00007ff841217000 	C:\WINDOWS\System32\CRYPT32.dll
0x00007ff83ffc0000 - 0x00007ff83ffed000 	C:\WINDOWS\SYSTEM32\ncrypt.dll
0x00007ff83ff80000 - 0x00007ff83ffb7000 	C:\WINDOWS\SYSTEM32\NTASN1.dll
0x00007fffac730000 - 0x00007fffac738000 	C:\WINDOWS\system32\wshunix.dll

JVMTI agents:
jdwp path:C:\Program Files\java\jdk-24\bin\jdwp.dll, loaded, initialized, options:transport=dt_socket,suspend=y,address=localhost:7892
C:\Spring Tool Suite\sts-4.31.0.RELEASE\configuration\org.eclipse.osgi\273\0\.cp\lib\javaagent-shaded.jar path:C:\Program Files\java\jdk-24\bin\instrument.dll, loaded, initialized, instrumentlib options:none

dbghelp: loaded successfully - version: 4.0.5 - missing functions: none
symbol engine: initialized successfully - sym options: 0x614 - pdb path: .;C:\Program Files\java\jdk-24\bin;C:\WINDOWS\SYSTEM32;C:\WINDOWS\WinSxS\amd64_microsoft.windows.common-controls_6595b64144ccf1df_6.0.22621.5547_none_27104afb73855772;C:\Program Files\java\jdk-24\bin\server

VM Arguments:
jvm_args: -XX:+ShowCodeDetailsInExceptionMessages -agentlib:jdwp=transport=dt_socket,suspend=y,address=localhost:7892 -Dcom.sun.management.jmxremote -Dcom.sun.management.jmxremote.port=34869 -Dcom.sun.management.jmxremote.authenticate=false -Dcom.sun.management.jmxremote.ssl=false -Djava.rmi.server.hostname=localhost -Dspring.jmx.enabled=true -Dmanagement.endpoints.jmx.exposure.include=* -Dspring.application.admin.enabled=true -Dspring.output.ansi.enabled=always -XX:TieredStopAtLevel=1 -Dspring.boot.project.name=Mart2 -javaagent:C:\Spring Tool Suite\sts-4.31.0.RELEASE\configuration\org.eclipse.osgi\273\0\.cp\lib\javaagent-shaded.jar -Dfile.encoding=UTF-8 -Dstdout.encoding=UTF-8 -Dstderr.encoding=UTF-8 
java_command: com.example.Mart2.Mart2Application
java_class_path (initial): D:\Spring Eclipse\Spring Project\Mart2\target\classes;C:\Users\visha\.m2\repository\org\springframework\boot\spring-boot-starter-data-jpa\3.5.3\spring-boot-starter-data-jpa-3.5.3.jar;C:\Users\visha\.m2\repository\org\springframework\boot\spring-boot-starter\3.5.3\spring-boot-starter-3.5.3.jar;C:\Users\visha\.m2\repository\org\springframework\boot\spring-boot-starter-logging\3.5.3\spring-boot-starter-logging-3.5.3.jar;C:\Users\visha\.m2\repository\ch\qos\logback\logback-classic\1.5.18\logback-classic-1.5.18.jar;C:\Users\visha\.m2\repository\ch\qos\logback\logback-core\1.5.18\logback-core-1.5.18.jar;C:\Users\visha\.m2\repository\org\apache\logging\log4j\log4j-to-slf4j\2.24.3\log4j-to-slf4j-2.24.3.jar;C:\Users\visha\.m2\repository\org\apache\logging\log4j\log4j-api\2.24.3\log4j-api-2.24.3.jar;C:\Users\visha\.m2\repository\org\slf4j\jul-to-slf4j\2.0.17\jul-to-slf4j-2.0.17.jar;C:\Users\visha\.m2\repository\jakarta\annotation\jakarta.annotation-api\2.1.1\jakarta.annotation-api-2.1.1.jar;C:\Users\visha\.m2\repository\org\yaml\snakeyaml\2.4\snakeyaml-2.4.jar;C:\Users\visha\.m2\repository\org\springframework\boot\spring-boot-starter-jdbc\3.5.3\spring-boot-starter-jdbc-3.5.3.jar;C:\Users\visha\.m2\repository\com\zaxxer\HikariCP\6.3.0\HikariCP-6.3.0.jar;C:\Users\visha\.m2\repository\org\springframework\spring-jdbc\6.2.8\spring-jdbc-6.2.8.jar;C:\Users\visha\.m2\repository\org\hibernate\orm\hibernate-core\6.6.18.Final\hibernate-core-6.6.18.Final.jar;C:\Users\visha\.m2\repository\jakarta\persistence\jakarta.persistence-api\3.1.0\jakarta.persistence-api-3.1.0.jar;C:\Users\visha\.m2\repository\jakarta\transaction\jakarta.transaction-api\2.0.1\jakarta.transaction-api-2.0.1.jar;C:\Users\visha\.m2\repository\org\jboss\logging\jboss-logging\3.6.1.Final\jboss-logging-3.6.1.Final.jar;C:\Users\visha\.m2\repository\org\hibernate\common\hibernate-commons-annotations\7.0.3.Final\hibernate-commons-annotations-7.0.3.Final.jar;C:\Users\visha\.m2\repository\io\smallrye\jandex\3.2.0\jandex-3.2.0.jar;C:\Users\visha\.m2\repository\com\fasterxml\classmate\1.7.0\classmate-1.7.0.jar;C:\Users\visha\.m2\repository\net\bytebuddy\byte-buddy\1.17.6\byte-buddy-1.17.6.jar;C:\Users\visha\.m2\repository\org\glassfish\jaxb\jaxb-runtime\4.0.5\jaxb-runtime-4.0.5.jar;C:\Users\visha\.m2\repository\org\glassfish\jaxb\jaxb-core\4.0.5\jaxb-core-4.0.5.jar;C:\Users\visha\.m2\repository\org\eclipse\angus\angus-activation\2.0.2\angus-activation-2.0.2.jar;C:\Users\visha\.m2\repository\org\glassfish\jaxb\txw2\4.0.5\txw2-4.0.5.jar;C:\Users\visha\.m2\repository\com\sun\istack\istack-commons-runtime\4.1.2\istack-commons-runtime-4.1.2.jar;C:\Users\visha\.m2\repository\jakarta\inject\jakarta.inject-api\2.0.1\jakarta.inject-api-2.0.1.jar;C:\Users\visha\.m2\repository\org\antlr\antlr4-runtime\4.13.0\antlr4-runtime-4.13.0.jar;C:\Users\visha\.m2\repository\org\springframework\data\spring-data-jpa\3.5.1\spring-data-jpa-3.5.1.jar;C:\Users\visha\.m2\repository\org\springframework\data\spring-data-commons\3.5.1\spring-data-commons-3.5.1.jar;C:\Users\visha\.m2\repository\org\springframework\spring-orm\6.2.8\spring-orm-6.2.8.jar;C:\Users\visha\.m2\repository\org\springframework\spring-context\6.2.8\spring-context-6.2.8.jar;C:\Users\visha\.m2\repository\org\springframework\spring-aop\6.2.8\spring-aop-6.2.8.jar;C:\Users\visha\.m2\repository\org\springframework\spring-tx\6.2.8\spring-tx-6.2.8.jar;C:\Users\visha\.m2\repository\org\springframework\spring-beans\6.2.8\spring-beans-6.2.8.jar;C:\Users\visha\.m2\repository\org\slf4j\slf4j-api\2.0.17\slf4j-api-2.0.17.jar;C:\Users\visha\.m2\repository\org\springframework\spring-aspects\6.2.8\spring-aspects-6.2.8.jar;C:\Users\visha\.m2\repository\org\aspectj\aspectjweaver\1.9.24\aspectjweaver-1.9.24.jar;C:\Users\visha\.m2\repository\org\springframework\boot\spring-boot-starter-web\3.5.3\spring-boot-starter-web-3.5.3.jar;C:\Users\visha\.m2\repository\org\springframework\boot\spring-boot-starter-json\3.5.3\spring-boot-starter-json-3.5.3.jar;C:\Users\visha\.m2\repository\com\fasterxml\jackson\core\jackson-databind\2.19.1\jackson-databind-2.19.1.jar;C:\Users\visha\.m2\repository\com\fasterxml\jackson\core\jackson-annotations\2.19.1\jackson-annotations-2.19.1.jar;C:\Users\visha\.m2\repository\com\fasterxml\jackson\core\jackson-core\2.19.1\jackson-core-2.19.1.jar;C:\Users\visha\.m2\repository\com\fasterxml\jackson\datatype\jackson-datatype-jdk8\2.19.1\jackson-datatype-jdk8-2.19.1.jar;C:\Users\visha\.m2\repository\com\fasterxml\jackson\datatype\jackson-datatype-jsr310\2.19.1\jackson-datatype-jsr310-2.19.1.jar;C:\Users\visha\.m2\repository\com\fasterxml\jackson\module\jackson-module-parameter-names\2.19.1\jackson-module-parameter-names-2.19.1.jar;C:\Users\visha\.m2\repository\org\springframework\boot\spring-boot-starter-tomcat\3.5.3\spring-boot-starter-tomcat-3.5.3.jar;C:\Users\visha\.m2\repository\org\apache\tomcat\embed\tomcat-embed-core\10.1.42\tomcat-embed-core-10.1.42.jar;C:\Users\visha\.m2\repository\org\apache\tomcat\embed\tomcat-embed-el\10.1.42\tomcat-embed-el-10.1.42.jar;C:\Users\visha\.m2\repository\org\apache\tomcat\embed\tomcat-embed-websocket\10.1.42\tomcat-embed-websocket-10.1.42.jar;C:\Users\visha\.m2\repository\org\springframework\spring-web\6.2.8\spring-web-6.2.8.jar;C:\Users\visha\.m2\repository\io\micrometer\micrometer-observation\1.15.1\micrometer-observation-1.15.1.jar;C:\Users\visha\.m2\repository\io\micrometer\micrometer-commons\1.15.1\micrometer-commons-1.15.1.jar;C:\Users\visha\.m2\repository\org\springframework\spring-webmvc\6.2.8\spring-webmvc-6.2.8.jar;C:\Users\visha\.m2\repository\org\springframework\spring-expression\6.2.8\spring-expression-6.2.8.jar;C:\Users\visha\.m2\repository\org\springframework\boot\spring-boot-devtools\3.5.3\spring-boot-devtools-3.5.3.jar;C:\Users\visha\.m2\repository\org\springframework\boot\spring-boot\3.5.3\spring-boot-3.5.3.jar;C:\Users\visha\.m2\repository\org\springframework\boot\spring-boot-autoconfigure\3.5.3\spring-boot-autoconfigure-3.5.3.jar;C:\Users\visha\.m2\repository\com\mysql\mysql-connector-j\9.2.0\mysql-connector-j-9.2.0.jar;C:\Users\visha\.m2\repository\org\projectlombok\lombok\1.18.38\lombok-1.18.38.jar;C:\Users\visha\.m2\repository\jakarta\xml\bind\jakarta.xml.bind-api\4.0.2\jakarta.xml.bind-api-4.0.2.jar;C:\Users\visha\.m2\repository\jakarta\activation\jakarta.activation-api\2.1.3\jakarta.activation-api-2.1.3.jar;C:\Users\visha\.m2\repository\org\springframework\spring-core\6.2.8\spring-core-6.2.8.jar;C:\Users\visha\.m2\repository\org\springframework\spring-jcl\6.2.8\spring-jcl-6.2.8.jar
Launcher Type: SUN_STANDARD

[Global flags]
     intx CICompilerCount                          = 4                                         {product} {ergonomic}
     uint ConcGCThreads                            = 2                                         {product} {ergonomic}
     uint G1ConcRefinementThreads                  = 8                                         {product} {ergonomic}
   size_t G1HeapRegionSize                         = 1048576                                   {product} {ergonomic}
   size_t InitialHeapSize                          = 132120576                                 {product} {ergonomic}
     bool ManagementServer                         = true                                      {product} {command line}
   size_t MarkStackSize                            = 4194304                                   {product} {ergonomic}
   size_t MarkStackSizeMax                         = 536870912                                 {product} {ergonomic}
   size_t MaxHeapSize                              = 2101346304                                {product} {ergonomic}
   size_t MaxNewSize                               = 1260388352                                {product} {ergonomic}
   size_t MinHeapDeltaBytes                        = 1048576                                   {product} {ergonomic}
   size_t MinHeapSize                              = 8388608                                   {product} {ergonomic}
    uintx NonNMethodCodeHeapSize                   = 4096                                   {pd product} {ergonomic}
    uintx NonProfiledCodeHeapSize                  = 0                                      {pd product} {ergonomic}
     bool ProfileInterpreter                       = false                                  {pd product} {command line}
    uintx ProfiledCodeHeapSize                     = 0                                      {pd product} {ergonomic}
     bool ShowCodeDetailsInExceptionMessages       = true                                   {manageable} {command line}
   size_t SoftMaxHeapSize                          = 2101346304                             {manageable} {ergonomic}
     intx TieredStopAtLevel                        = 1                                         {product} {command line}
     bool UseCompressedOops                        = true                           {product lp64_product} {ergonomic}
     bool UseG1GC                                  = true                                      {product} {ergonomic}
     bool UseLargePagesIndividualAllocation        = false                                  {pd product} {ergonomic}

Logging:
Log output configuration:
 #0: stdout all=warning uptime,level,tags foldmultilines=false
 #1: stderr all=off uptime,level,tags foldmultilines=false

Environment Variables:
PATH=C:/Spring Tool Suite/sts-4.31.0.RELEASE//plugins/org.eclipse.justj.openjdk.hotspot.jre.full.win32.x86_64_21.0.7.v20250502-0916/jre/bin/server;C:/Spring Tool Suite/sts-4.31.0.RELEASE//plugins/org.eclipse.justj.openjdk.hotspot.jre.full.win32.x86_64_21.0.7.v20250502-0916/jre/bin;D:\app\visha\product\11.2.0\dbhome_1\bin;C:\Program Files\Common Files\Oracle\Java\javapath;C:\WINDOWS\system32;C:\WINDOWS;C:\Program Files\java\jdk-24\bin;C:\WINDOWS\System32\Wbem;C:\WINDOWS\System32\WindowsPowerShell\v1.0\;C:\WINDOWS\System32\OpenSSH\;C:\Program Files (x86)\Microsoft SQL Server\100\Tools\Binn\;C:\Program Files\Microsoft SQL Server\100\Tools\Binn\;C:\Program Files\Microsoft SQL Server\100\DTS\Binn\;C:\Program Files\Microsoft SQL Server\Client SDK\ODBC\170\Tools\Binn\;C:\Program Files (x86)\Microsoft SQL Server\150\Tools\Binn\;C:\Program Files\Microsoft SQL Server\150\Tools\Binn\;C:\Program Files\Microsoft SQL Server\150\DTS\Binn\;C:\Program Files\MySQL\MySQL Shell 8.0\bin\;C:\Users\visha\AppData\Local\Programs\Python\Python37\Scripts\;C:\Users\visha\AppData\Local\Programs\Python\Python37\;C:\Program Files\java\jdk-16.0.2\bin;C:\Users\visha\AppData\Local\Microsoft\WindowsApps;;C:\Users\visha\AppData\Local\Programs\Microsoft VS Code\bin;C:\Spring Tool Suite\sts-4.31.0.RELEASE;
USERNAME=visha
OS=Windows_NT
PROCESSOR_IDENTIFIER=Intel64 Family 6 Model 142 Stepping 12, GenuineIntel
TMP=C:\Users\visha\AppData\Local\Temp
TEMP=C:\Users\visha\AppData\Local\Temp




Periodic native trim disabled

---------------  S Y S T E M  ---------------

OS:
 Windows 11 , 64 bit Build 22621 (10.0.22621.5415)
OS uptime: 18 days 1:35 hours

CPU: total 8 (initial active 8) (4 cores per cpu, 2 threads per core) family 6 model 142 stepping 12 microcode 0xec, cx8, cmov, fxsr, ht, mmx, 3dnowpref, sse, sse2, sse3, ssse3, sse4.1, sse4.2, popcnt, lzcnt, tsc, tscinvbit, avx, avx2, aes, erms, clmul, bmi1, bmi2, adx, fma, vzeroupper, clflush, clflushopt, rdtscp, f16c
Processor Information for processor 0
  Max Mhz: 2112, Current Mhz: 1508, Mhz Limit: 1605
Processor Information for processor 1
  Max Mhz: 2112, Current Mhz: 1508, Mhz Limit: 1605
Processor Information for processor 2
  Max Mhz: 2112, Current Mhz: 1609, Mhz Limit: 1605
Processor Information for processor 3
  Max Mhz: 2112, Current Mhz: 1609, Mhz Limit: 1605
Processor Information for processor 4
  Max Mhz: 2112, Current Mhz: 1609, Mhz Limit: 1605
Processor Information for processor 5
  Max Mhz: 2112, Current Mhz: 1508, Mhz Limit: 1605
Processor Information for processor 6
  Max Mhz: 2112, Current Mhz: 1609, Mhz Limit: 1605
Processor Information for processor 7
  Max Mhz: 2112, Current Mhz: 1508, Mhz Limit: 1605

Memory: 4k page, system-wide physical 8014M (942M free)
TotalPageFile size 18812M (AvailPageFile size 3442M)
current process WorkingSet (physical memory assigned to process): 228M, peak: 238M
current process commit charge ("private bytes"): 289M, peak: 303M

vm_info: Java HotSpot(TM) 64-Bit Server VM (24.0.2+12-54) for windows-amd64 JRE (24.0.2+12-54), built on 2025-07-08T12:10:27Z with MS VC++ 17.6 (VS2022)

END.
